2025-06-01T16:26:49.727+02:00  INFO 16328 --- [td3biblio] [main] c.u.b.t.controller.LivreControllerTest   : Starting LivreControllerTest using Java 21.0.6 with PID 16328 (started by saezmi in C:\Users\saezmi\BUT3\R6.A.06\td3biblio)
2025-06-01T16:26:49.737+02:00  INFO 16328 --- [td3biblio] [main] c.u.b.t.controller.LivreControllerTest   : No active profile set, falling back to 1 default profile: "default"
2025-06-01T16:26:51.241+02:00  INFO 16328 --- [td3biblio] [main] .s.d.r.c.RepositoryConfigurationDelegate : Bootstrapping Spring Data JPA repositories in DEFAULT mode.
2025-06-01T16:26:51.290+02:00  INFO 16328 --- [td3biblio] [main] .s.d.r.c.RepositoryConfigurationDelegate : Finished Spring Data repository scanning in 39 ms. Found 1 JPA repository interface.
2025-06-01T16:26:52.307+02:00  INFO 16328 --- [td3biblio] [main] o.s.b.w.embedded.tomcat.TomcatWebServer  : Tomcat initialized with port 0 (http)
2025-06-01T16:26:52.340+02:00  INFO 16328 --- [td3biblio] [main] o.apache.catalina.core.StandardService   : Starting service [Tomcat]
2025-06-01T16:26:52.340+02:00  INFO 16328 --- [td3biblio] [main] o.apache.catalina.core.StandardEngine    : Starting Servlet engine: [Apache Tomcat/10.1.41]
2025-06-01T16:26:52.424+02:00  INFO 16328 --- [td3biblio] [main] o.a.c.c.C.[Tomcat].[localhost].[/]       : Initializing Spring embedded WebApplicationContext
2025-06-01T16:26:52.424+02:00  INFO 16328 --- [td3biblio] [main] w.s.c.ServletWebServerApplicationContext : Root WebApplicationContext: initialization completed in 2634 ms
2025-06-01T16:26:53.207+02:00  INFO 16328 --- [td3biblio] [main] com.zaxxer.hikari.HikariDataSource       : HikariPool-1 - Starting...
2025-06-01T16:26:53.593+02:00  INFO 16328 --- [td3biblio] [main] com.zaxxer.hikari.pool.HikariPool        : HikariPool-1 - Added connection org.postgresql.jdbc.PgConnection@4bbf20d1
2025-06-01T16:26:53.593+02:00  INFO 16328 --- [td3biblio] [main] com.zaxxer.hikari.HikariDataSource       : HikariPool-1 - Start completed.
2025-06-01T16:26:53.625+02:00  INFO 16328 --- [td3biblio] [main] org.flywaydb.core.FlywayExecutor         : Database: jdbc:postgresql://localhost:5432/biblio?currentSchema=biblio (PostgreSQL 17.0)
2025-06-01T16:26:53.674+02:00  INFO 16328 --- [td3biblio] [main] o.f.core.internal.command.DbValidate     : Successfully validated 2 migrations (execution time 00:00.036s)
2025-06-01T16:26:53.740+02:00  INFO 16328 --- [td3biblio] [main] o.f.core.internal.command.DbMigrate      : Current version of schema "biblio": 1
2025-06-01T16:26:53.740+02:00  INFO 16328 --- [td3biblio] [main] o.f.core.internal.command.DbMigrate      : Schema "biblio" is up to date. No migration necessary.
2025-06-01T16:26:54.048+02:00  INFO 16328 --- [td3biblio] [main] o.hibernate.jpa.internal.util.LogHelper  : HHH000204: Processing PersistenceUnitInfo [name: default]
2025-06-01T16:26:54.172+02:00  INFO 16328 --- [td3biblio] [main] org.hibernate.Version                    : HHH000412: Hibernate ORM core version 6.6.15.Final
2025-06-01T16:26:54.269+02:00  INFO 16328 --- [td3biblio] [main] o.h.c.internal.RegionFactoryInitiator    : HHH000026: Second-level cache disabled
2025-06-01T16:26:54.542+02:00  INFO 16328 --- [td3biblio] [main] o.s.o.j.p.SpringPersistenceUnitInfo      : No LoadTimeWeaver setup: ignoring JPA class transformer
2025-06-01T16:26:54.641+02:00  INFO 16328 --- [td3biblio] [main] org.hibernate.orm.connections.pooling    : HHH10001005: Database info:
	Database JDBC URL [Connecting through datasource 'HikariDataSource (HikariPool-1)']
	Database driver: undefined/unknown
	Database version: 17.0
	Autocommit mode: undefined/unknown
	Isolation level: undefined/unknown
	Minimum pool size: undefined/unknown
	Maximum pool size: undefined/unknown
2025-06-01T16:26:55.266+02:00  INFO 16328 --- [td3biblio] [main] o.h.e.t.j.p.i.JtaPlatformInitiator       : HHH000489: No JTA platform available (set 'hibernate.transaction.jta.platform' to enable JTA platform integration)
2025-06-01T16:26:55.266+02:00  INFO 16328 --- [td3biblio] [main] j.LocalContainerEntityManagerFactoryBean : Initialized JPA EntityManagerFactory for persistence unit 'default'
2025-06-01T16:26:55.518+02:00  WARN 16328 --- [td3biblio] [main] JpaBaseConfiguration$JpaWebConfiguration : spring.jpa.open-in-view is enabled by default. Therefore, database queries may be performed during view rendering. Explicitly configure spring.jpa.open-in-view to disable this warning
2025-06-01T16:26:56.300+02:00  INFO 16328 --- [td3biblio] [main] o.s.b.a.e.web.EndpointLinksResolver      : Exposing 1 endpoint beneath base path '/actuator'
2025-06-01T16:26:56.489+02:00  INFO 16328 --- [td3biblio] [main] o.s.b.w.embedded.tomcat.TomcatWebServer  : Tomcat started on port 52422 (http) with context path '/'
2025-06-01T16:26:56.505+02:00  INFO 16328 --- [td3biblio] [main] c.u.b.t.controller.LivreControllerTest   : Started LivreControllerTest in 7.292 seconds (process running for 8.645)
2025-06-01T16:26:57.097+02:00  INFO 16328 --- [td3biblio] [http-nio-auto-1-exec-1] o.a.c.c.C.[Tomcat].[localhost].[/]       : Initializing Spring DispatcherServlet 'dispatcherServlet'
2025-06-01T16:26:57.097+02:00  INFO 16328 --- [td3biblio] [http-nio-auto-1-exec-1] o.s.web.servlet.DispatcherServlet        : Initializing Servlet 'dispatcherServlet'
2025-06-01T16:26:57.097+02:00  INFO 16328 --- [td3biblio] [http-nio-auto-1-exec-1] o.s.web.servlet.DispatcherServlet        : Completed initialization in 0 ms
2025-06-01T16:26:57.458+02:00  INFO 16328 --- [td3biblio] [http-nio-auto-1-exec-4] c.u.but3.td3biblio.service.LivreService  : Livre with id: 3 saved successfully
2025-06-01T16:26:57.486+02:00  INFO 16328 --- [td3biblio] [main] t.c.s.AnnotationConfigContextLoaderUtils : Could not detect default configuration classes for test class [com.usmb.but3.td3biblio.controller.LivreControllerMockTest]: LivreControllerMockTest does not declare any static, non-private, non-final, nested classes annotated with @Configuration.
2025-06-01T16:26:57.493+02:00  INFO 16328 --- [td3biblio] [main] .b.t.c.SpringBootTestContextBootstrapper : Found @SpringBootConfiguration com.usmb.but3.td3biblio.Td2biblioApplication for test class com.usmb.but3.td3biblio.controller.LivreControllerMockTest
2025-06-01T16:26:57.524+02:00  INFO 16328 --- [td3biblio] [main] c.u.b.t.c.LivreControllerMockTest        : Starting LivreControllerMockTest using Java 21.0.6 with PID 16328 (started by saezmi in C:\Users\saezmi\BUT3\R6.A.06\td3biblio)
2025-06-01T16:26:57.524+02:00  INFO 16328 --- [td3biblio] [main] c.u.b.t.c.LivreControllerMockTest        : No active profile set, falling back to 1 default profile: "default"
2025-06-01T16:26:57.792+02:00  INFO 16328 --- [td3biblio] [main] .s.d.r.c.RepositoryConfigurationDelegate : Bootstrapping Spring Data JPA repositories in DEFAULT mode.
2025-06-01T16:26:57.801+02:00  INFO 16328 --- [td3biblio] [main] .s.d.r.c.RepositoryConfigurationDelegate : Finished Spring Data repository scanning in 7 ms. Found 1 JPA repository interface.
2025-06-01T16:26:57.894+02:00  INFO 16328 --- [td3biblio] [main] com.zaxxer.hikari.HikariDataSource       : HikariPool-2 - Starting...
2025-06-01T16:26:57.922+02:00  INFO 16328 --- [td3biblio] [main] com.zaxxer.hikari.pool.HikariPool        : HikariPool-2 - Added connection org.postgresql.jdbc.PgConnection@1e0d70db
2025-06-01T16:26:57.922+02:00  INFO 16328 --- [td3biblio] [main] com.zaxxer.hikari.HikariDataSource       : HikariPool-2 - Start completed.
2025-06-01T16:26:57.922+02:00  INFO 16328 --- [td3biblio] [main] org.flywaydb.core.FlywayExecutor         : Database: jdbc:postgresql://localhost:5432/biblio?currentSchema=biblio (PostgreSQL 17.0)
2025-06-01T16:26:57.943+02:00  INFO 16328 --- [td3biblio] [main] o.f.core.internal.command.DbValidate     : Successfully validated 2 migrations (execution time 00:00.011s)
2025-06-01T16:26:58.084+02:00  INFO 16328 --- [td3biblio] [main] o.f.core.internal.command.DbMigrate      : Current version of schema "biblio": 1
2025-06-01T16:26:58.085+02:00  INFO 16328 --- [td3biblio] [main] o.f.core.internal.command.DbMigrate      : Schema "biblio" is up to date. No migration necessary.
2025-06-01T16:26:58.103+02:00  INFO 16328 --- [td3biblio] [main] o.hibernate.jpa.internal.util.LogHelper  : HHH000204: Processing PersistenceUnitInfo [name: default]
2025-06-01T16:26:58.106+02:00  INFO 16328 --- [td3biblio] [main] o.h.c.internal.RegionFactoryInitiator    : HHH000026: Second-level cache disabled
2025-06-01T16:26:58.106+02:00  INFO 16328 --- [td3biblio] [main] o.s.o.j.p.SpringPersistenceUnitInfo      : No LoadTimeWeaver setup: ignoring JPA class transformer
2025-06-01T16:26:58.121+02:00  INFO 16328 --- [td3biblio] [main] org.hibernate.orm.connections.pooling    : HHH10001005: Database info:
	Database JDBC URL [Connecting through datasource 'HikariDataSource (HikariPool-2)']
	Database driver: undefined/unknown
	Database version: 17.0
	Autocommit mode: undefined/unknown
	Isolation level: undefined/unknown
	Minimum pool size: undefined/unknown
	Maximum pool size: undefined/unknown
2025-06-01T16:26:58.153+02:00  INFO 16328 --- [td3biblio] [main] o.h.e.t.j.p.i.JtaPlatformInitiator       : HHH000489: No JTA platform available (set 'hibernate.transaction.jta.platform' to enable JTA platform integration)
2025-06-01T16:26:58.153+02:00  INFO 16328 --- [td3biblio] [main] j.LocalContainerEntityManagerFactoryBean : Initialized JPA EntityManagerFactory for persistence unit 'default'
2025-06-01T16:26:58.215+02:00  WARN 16328 --- [td3biblio] [main] JpaBaseConfiguration$JpaWebConfiguration : spring.jpa.open-in-view is enabled by default. Therefore, database queries may be performed during view rendering. Explicitly configure spring.jpa.open-in-view to disable this warning
2025-06-01T16:26:58.418+02:00  INFO 16328 --- [td3biblio] [main] o.s.b.t.m.w.SpringBootMockServletContext : Initializing Spring TestDispatcherServlet ''
2025-06-01T16:26:58.419+02:00  INFO 16328 --- [td3biblio] [main] o.s.t.web.servlet.TestDispatcherServlet  : Initializing Servlet ''
2025-06-01T16:26:58.422+02:00  INFO 16328 --- [td3biblio] [main] o.s.b.a.e.web.EndpointLinksResolver      : Exposing 1 endpoint beneath base path '/actuator'
2025-06-01T16:26:58.423+02:00  INFO 16328 --- [td3biblio] [main] o.s.t.web.servlet.TestDispatcherServlet  : Completed initialization in 4 ms
2025-06-01T16:26:58.469+02:00  INFO 16328 --- [td3biblio] [main] c.u.b.t.c.LivreControllerMockTest        : Started LivreControllerMockTest in 0.968 seconds (process running for 10.608)
2025-06-01T16:26:58.690+02:00  INFO 16328 --- [td3biblio] [main] t.c.s.AnnotationConfigContextLoaderUtils : Could not detect default configuration classes for test class [com.usmb.but3.td3biblio.Td3biblioApplicationTests]: Td3biblioApplicationTests does not declare any static, non-private, non-final, nested classes annotated with @Configuration.
2025-06-01T16:26:58.690+02:00  INFO 16328 --- [td3biblio] [main] .b.t.c.SpringBootTestContextBootstrapper : Found @SpringBootConfiguration com.usmb.but3.td3biblio.Td2biblioApplication for test class com.usmb.but3.td3biblio.Td3biblioApplicationTests
2025-06-01T16:26:58.742+02:00  INFO 16328 --- [td3biblio] [main] c.u.b.t.Td3biblioApplicationTests        : Starting Td3biblioApplicationTests using Java 21.0.6 with PID 16328 (started by saezmi in C:\Users\saezmi\BUT3\R6.A.06\td3biblio)
2025-06-01T16:26:58.743+02:00  INFO 16328 --- [td3biblio] [main] c.u.b.t.Td3biblioApplicationTests        : No active profile set, falling back to 1 default profile: "default"
2025-06-01T16:26:58.945+02:00  INFO 16328 --- [td3biblio] [main] .s.d.r.c.RepositoryConfigurationDelegate : Bootstrapping Spring Data JPA repositories in DEFAULT mode.
2025-06-01T16:26:58.954+02:00  INFO 16328 --- [td3biblio] [main] .s.d.r.c.RepositoryConfigurationDelegate : Finished Spring Data repository scanning in 5 ms. Found 1 JPA repository interface.
2025-06-01T16:26:59.001+02:00  INFO 16328 --- [td3biblio] [main] com.zaxxer.hikari.HikariDataSource       : HikariPool-3 - Starting...
2025-06-01T16:26:59.032+02:00  INFO 16328 --- [td3biblio] [main] com.zaxxer.hikari.pool.HikariPool        : HikariPool-3 - Added connection org.postgresql.jdbc.PgConnection@7aafaf44
2025-06-01T16:26:59.032+02:00  INFO 16328 --- [td3biblio] [main] com.zaxxer.hikari.HikariDataSource       : HikariPool-3 - Start completed.
2025-06-01T16:26:59.032+02:00  INFO 16328 --- [td3biblio] [main] org.flywaydb.core.FlywayExecutor         : Database: jdbc:postgresql://localhost:5432/biblio?currentSchema=biblio (PostgreSQL 17.0)
2025-06-01T16:26:59.048+02:00  INFO 16328 --- [td3biblio] [main] o.f.core.internal.command.DbValidate     : Successfully validated 2 migrations (execution time 00:00.005s)
2025-06-01T16:26:59.080+02:00  INFO 16328 --- [td3biblio] [main] o.f.core.internal.command.DbMigrate      : Current version of schema "biblio": 1
2025-06-01T16:26:59.080+02:00  INFO 16328 --- [td3biblio] [main] o.f.core.internal.command.DbMigrate      : Schema "biblio" is up to date. No migration necessary.
2025-06-01T16:26:59.096+02:00  INFO 16328 --- [td3biblio] [main] o.hibernate.jpa.internal.util.LogHelper  : HHH000204: Processing PersistenceUnitInfo [name: default]
2025-06-01T16:26:59.096+02:00  INFO 16328 --- [td3biblio] [main] o.h.c.internal.RegionFactoryInitiator    : HHH000026: Second-level cache disabled
2025-06-01T16:26:59.096+02:00  INFO 16328 --- [td3biblio] [main] o.s.o.j.p.SpringPersistenceUnitInfo      : No LoadTimeWeaver setup: ignoring JPA class transformer
2025-06-01T16:26:59.113+02:00  INFO 16328 --- [td3biblio] [main] org.hibernate.orm.connections.pooling    : HHH10001005: Database info:
	Database JDBC URL [Connecting through datasource 'HikariDataSource (HikariPool-3)']
	Database driver: undefined/unknown
	Database version: 17.0
	Autocommit mode: undefined/unknown
	Isolation level: undefined/unknown
	Minimum pool size: undefined/unknown
	Maximum pool size: undefined/unknown
2025-06-01T16:26:59.128+02:00  INFO 16328 --- [td3biblio] [main] o.h.e.t.j.p.i.JtaPlatformInitiator       : HHH000489: No JTA platform available (set 'hibernate.transaction.jta.platform' to enable JTA platform integration)
2025-06-01T16:26:59.128+02:00  INFO 16328 --- [td3biblio] [main] j.LocalContainerEntityManagerFactoryBean : Initialized JPA EntityManagerFactory for persistence unit 'default'
2025-06-01T16:26:59.175+02:00  WARN 16328 --- [td3biblio] [main] JpaBaseConfiguration$JpaWebConfiguration : spring.jpa.open-in-view is enabled by default. Therefore, database queries may be performed during view rendering. Explicitly configure spring.jpa.open-in-view to disable this warning
2025-06-01T16:26:59.315+02:00  INFO 16328 --- [td3biblio] [main] o.s.b.a.e.web.EndpointLinksResolver      : Exposing 1 endpoint beneath base path '/actuator'
2025-06-01T16:26:59.325+02:00  INFO 16328 --- [td3biblio] [main] c.u.b.t.Td3biblioApplicationTests        : Started Td3biblioApplicationTests in 0.613 seconds (process running for 11.471)
2025-06-01T16:26:59.355+02:00  INFO 16328 --- [td3biblio] [SpringApplicationShutdownHook] o.s.b.w.e.tomcat.GracefulShutdown        : Commencing graceful shutdown. Waiting for active requests to complete
2025-06-01T16:26:59.360+02:00  INFO 16328 --- [td3biblio] [tomcat-shutdown] o.s.b.w.e.tomcat.GracefulShutdown        : Graceful shutdown complete
2025-06-01T16:26:59.364+02:00  INFO 16328 --- [td3biblio] [SpringApplicationShutdownHook] j.LocalContainerEntityManagerFactoryBean : Closing JPA EntityManagerFactory for persistence unit 'default'
2025-06-01T16:26:59.366+02:00  INFO 16328 --- [td3biblio] [SpringApplicationShutdownHook] com.zaxxer.hikari.HikariDataSource       : HikariPool-1 - Shutdown initiated...
2025-06-01T16:26:59.373+02:00  INFO 16328 --- [td3biblio] [SpringApplicationShutdownHook] com.zaxxer.hikari.HikariDataSource       : HikariPool-1 - Shutdown completed.
2025-06-01T16:26:59.385+02:00  INFO 16328 --- [td3biblio] [SpringApplicationShutdownHook] j.LocalContainerEntityManagerFactoryBean : Closing JPA EntityManagerFactory for persistence unit 'default'
2025-06-01T16:26:59.385+02:00  INFO 16328 --- [td3biblio] [SpringApplicationShutdownHook] com.zaxxer.hikari.HikariDataSource       : HikariPool-2 - Shutdown initiated...
2025-06-01T16:26:59.387+02:00  INFO 16328 --- [td3biblio] [SpringApplicationShutdownHook] com.zaxxer.hikari.HikariDataSource       : HikariPool-2 - Shutdown completed.
2025-06-01T16:26:59.392+02:00  INFO 16328 --- [td3biblio] [SpringApplicationShutdownHook] j.LocalContainerEntityManagerFactoryBean : Closing JPA EntityManagerFactory for persistence unit 'default'
2025-06-01T16:26:59.392+02:00  INFO 16328 --- [td3biblio] [SpringApplicationShutdownHook] com.zaxxer.hikari.HikariDataSource       : HikariPool-3 - Shutdown initiated...
2025-06-01T16:26:59.420+02:00  INFO 16328 --- [td3biblio] [SpringApplicationShutdownHook] com.zaxxer.hikari.HikariDataSource       : HikariPool-3 - Shutdown completed.
2025-06-01T16:34:32.159+02:00  INFO 15196 --- [td3biblio] [main] c.u.b.t.c.LivreControllerMockTest        : Starting LivreControllerMockTest using Java 21.0.6 with PID 15196 (started by saezmi in C:\Users\saezmi\BUT3\R6.A.06\td3biblio)
2025-06-01T16:34:32.161+02:00  INFO 15196 --- [td3biblio] [main] c.u.b.t.c.LivreControllerMockTest        : No active profile set, falling back to 1 default profile: "default"
2025-06-01T16:34:33.812+02:00  INFO 15196 --- [td3biblio] [main] .s.d.r.c.RepositoryConfigurationDelegate : Bootstrapping Spring Data JPA repositories in DEFAULT mode.
2025-06-01T16:34:33.896+02:00  INFO 15196 --- [td3biblio] [main] .s.d.r.c.RepositoryConfigurationDelegate : Finished Spring Data repository scanning in 61 ms. Found 1 JPA repository interface.
2025-06-01T16:34:34.977+02:00  INFO 15196 --- [td3biblio] [main] com.zaxxer.hikari.HikariDataSource       : HikariPool-1 - Starting...
2025-06-01T16:34:35.224+02:00  INFO 15196 --- [td3biblio] [main] com.zaxxer.hikari.pool.HikariPool        : HikariPool-1 - Added connection org.postgresql.jdbc.PgConnection@1a2773a8
2025-06-01T16:34:35.224+02:00  INFO 15196 --- [td3biblio] [main] com.zaxxer.hikari.HikariDataSource       : HikariPool-1 - Start completed.
2025-06-01T16:34:35.255+02:00  INFO 15196 --- [td3biblio] [main] org.flywaydb.core.FlywayExecutor         : Database: jdbc:postgresql://localhost:5432/biblio?currentSchema=biblio (PostgreSQL 17.0)
2025-06-01T16:34:35.318+02:00  INFO 15196 --- [td3biblio] [main] o.f.core.internal.command.DbValidate     : Successfully validated 2 migrations (execution time 00:00.036s)
2025-06-01T16:34:35.373+02:00  INFO 15196 --- [td3biblio] [main] o.f.core.internal.command.DbMigrate      : Current version of schema "biblio": 1
2025-06-01T16:34:35.377+02:00  INFO 15196 --- [td3biblio] [main] o.f.core.internal.command.DbMigrate      : Schema "biblio" is up to date. No migration necessary.
2025-06-01T16:34:35.830+02:00  INFO 15196 --- [td3biblio] [main] o.hibernate.jpa.internal.util.LogHelper  : HHH000204: Processing PersistenceUnitInfo [name: default]
2025-06-01T16:34:35.963+02:00  INFO 15196 --- [td3biblio] [main] org.hibernate.Version                    : HHH000412: Hibernate ORM core version 6.6.15.Final
2025-06-01T16:34:36.028+02:00  INFO 15196 --- [td3biblio] [main] o.h.c.internal.RegionFactoryInitiator    : HHH000026: Second-level cache disabled
2025-06-01T16:34:36.458+02:00  INFO 15196 --- [td3biblio] [main] o.s.o.j.p.SpringPersistenceUnitInfo      : No LoadTimeWeaver setup: ignoring JPA class transformer
2025-06-01T16:34:36.529+02:00  INFO 15196 --- [td3biblio] [main] org.hibernate.orm.connections.pooling    : HHH10001005: Database info:
	Database JDBC URL [Connecting through datasource 'HikariDataSource (HikariPool-1)']
	Database driver: undefined/unknown
	Database version: 17.0
	Autocommit mode: undefined/unknown
	Isolation level: undefined/unknown
	Minimum pool size: undefined/unknown
	Maximum pool size: undefined/unknown
2025-06-01T16:34:37.158+02:00  INFO 15196 --- [td3biblio] [main] o.h.e.t.j.p.i.JtaPlatformInitiator       : HHH000489: No JTA platform available (set 'hibernate.transaction.jta.platform' to enable JTA platform integration)
2025-06-01T16:34:37.158+02:00  INFO 15196 --- [td3biblio] [main] j.LocalContainerEntityManagerFactoryBean : Initialized JPA EntityManagerFactory for persistence unit 'default'
2025-06-01T16:34:37.744+02:00  WARN 15196 --- [td3biblio] [main] JpaBaseConfiguration$JpaWebConfiguration : spring.jpa.open-in-view is enabled by default. Therefore, database queries may be performed during view rendering. Explicitly configure spring.jpa.open-in-view to disable this warning
2025-06-01T16:34:38.825+02:00  INFO 15196 --- [td3biblio] [main] o.s.b.t.m.w.SpringBootMockServletContext : Initializing Spring TestDispatcherServlet ''
2025-06-01T16:34:38.825+02:00  INFO 15196 --- [td3biblio] [main] o.s.t.web.servlet.TestDispatcherServlet  : Initializing Servlet ''
2025-06-01T16:34:38.844+02:00  INFO 15196 --- [td3biblio] [main] o.s.b.a.e.web.EndpointLinksResolver      : Exposing 1 endpoint beneath base path '/actuator'
2025-06-01T16:34:38.860+02:00  INFO 15196 --- [td3biblio] [main] o.s.t.web.servlet.TestDispatcherServlet  : Completed initialization in 35 ms
2025-06-01T16:34:38.992+02:00  INFO 15196 --- [td3biblio] [main] c.u.b.t.c.LivreControllerMockTest        : Started LivreControllerMockTest in 7.328 seconds (process running for 8.693)
2025-06-01T16:34:39.780+02:00  INFO 15196 --- [td3biblio] [SpringApplicationShutdownHook] j.LocalContainerEntityManagerFactoryBean : Closing JPA EntityManagerFactory for persistence unit 'default'
2025-06-01T16:34:39.787+02:00  INFO 15196 --- [td3biblio] [SpringApplicationShutdownHook] com.zaxxer.hikari.HikariDataSource       : HikariPool-1 - Shutdown initiated...
2025-06-01T16:34:39.794+02:00  INFO 15196 --- [td3biblio] [SpringApplicationShutdownHook] com.zaxxer.hikari.HikariDataSource       : HikariPool-1 - Shutdown completed.
2025-06-01T16:35:41.439+02:00  INFO 12944 --- [td3biblio] [main] c.u.b.t.controller.LivreControllerTest   : Starting LivreControllerTest using Java 21.0.6 with PID 12944 (started by saezmi in C:\Users\saezmi\BUT3\R6.A.06\td3biblio)
2025-06-01T16:35:41.439+02:00  INFO 12944 --- [td3biblio] [main] c.u.b.t.controller.LivreControllerTest   : No active profile set, falling back to 1 default profile: "default"
2025-06-01T16:35:43.423+02:00  INFO 12944 --- [td3biblio] [main] .s.d.r.c.RepositoryConfigurationDelegate : Bootstrapping Spring Data JPA repositories in DEFAULT mode.
2025-06-01T16:35:43.522+02:00  INFO 12944 --- [td3biblio] [main] .s.d.r.c.RepositoryConfigurationDelegate : Finished Spring Data repository scanning in 69 ms. Found 1 JPA repository interface.
2025-06-01T16:35:44.540+02:00  INFO 12944 --- [td3biblio] [main] o.s.b.w.embedded.tomcat.TomcatWebServer  : Tomcat initialized with port 0 (http)
2025-06-01T16:35:44.561+02:00  INFO 12944 --- [td3biblio] [main] o.apache.catalina.core.StandardService   : Starting service [Tomcat]
2025-06-01T16:35:44.561+02:00  INFO 12944 --- [td3biblio] [main] o.apache.catalina.core.StandardEngine    : Starting Servlet engine: [Apache Tomcat/10.1.41]
2025-06-01T16:35:44.640+02:00  INFO 12944 --- [td3biblio] [main] o.a.c.c.C.[Tomcat].[localhost].[/]       : Initializing Spring embedded WebApplicationContext
2025-06-01T16:35:44.640+02:00  INFO 12944 --- [td3biblio] [main] w.s.c.ServletWebServerApplicationContext : Root WebApplicationContext: initialization completed in 3134 ms
2025-06-01T16:35:45.372+02:00  INFO 12944 --- [td3biblio] [main] com.zaxxer.hikari.HikariDataSource       : HikariPool-1 - Starting...
2025-06-01T16:35:45.755+02:00  INFO 12944 --- [td3biblio] [main] com.zaxxer.hikari.pool.HikariPool        : HikariPool-1 - Added connection org.postgresql.jdbc.PgConnection@1bfa3893
2025-06-01T16:35:45.756+02:00  INFO 12944 --- [td3biblio] [main] com.zaxxer.hikari.HikariDataSource       : HikariPool-1 - Start completed.
2025-06-01T16:35:45.773+02:00  INFO 12944 --- [td3biblio] [main] org.flywaydb.core.FlywayExecutor         : Database: jdbc:postgresql://localhost:5432/biblio?currentSchema=biblio (PostgreSQL 17.0)
2025-06-01T16:35:45.839+02:00  INFO 12944 --- [td3biblio] [main] o.f.core.internal.command.DbValidate     : Successfully validated 2 migrations (execution time 00:00.030s)
2025-06-01T16:35:45.906+02:00  INFO 12944 --- [td3biblio] [main] o.f.core.internal.command.DbMigrate      : Current version of schema "biblio": 1
2025-06-01T16:35:45.939+02:00  INFO 12944 --- [td3biblio] [main] o.f.core.internal.command.DbMigrate      : Schema "biblio" is up to date. No migration necessary.
2025-06-01T16:35:46.239+02:00  INFO 12944 --- [td3biblio] [main] o.hibernate.jpa.internal.util.LogHelper  : HHH000204: Processing PersistenceUnitInfo [name: default]
2025-06-01T16:35:46.440+02:00  INFO 12944 --- [td3biblio] [main] org.hibernate.Version                    : HHH000412: Hibernate ORM core version 6.6.15.Final
2025-06-01T16:35:46.539+02:00  INFO 12944 --- [td3biblio] [main] o.h.c.internal.RegionFactoryInitiator    : HHH000026: Second-level cache disabled
2025-06-01T16:35:47.062+02:00  INFO 12944 --- [td3biblio] [main] o.s.o.j.p.SpringPersistenceUnitInfo      : No LoadTimeWeaver setup: ignoring JPA class transformer
2025-06-01T16:35:47.139+02:00  INFO 12944 --- [td3biblio] [main] org.hibernate.orm.connections.pooling    : HHH10001005: Database info:
	Database JDBC URL [Connecting through datasource 'HikariDataSource (HikariPool-1)']
	Database driver: undefined/unknown
	Database version: 17.0
	Autocommit mode: undefined/unknown
	Isolation level: undefined/unknown
	Minimum pool size: undefined/unknown
	Maximum pool size: undefined/unknown
2025-06-01T16:35:47.822+02:00  INFO 12944 --- [td3biblio] [main] o.h.e.t.j.p.i.JtaPlatformInitiator       : HHH000489: No JTA platform available (set 'hibernate.transaction.jta.platform' to enable JTA platform integration)
2025-06-01T16:35:47.822+02:00  INFO 12944 --- [td3biblio] [main] j.LocalContainerEntityManagerFactoryBean : Initialized JPA EntityManagerFactory for persistence unit 'default'
2025-06-01T16:35:48.206+02:00  WARN 12944 --- [td3biblio] [main] JpaBaseConfiguration$JpaWebConfiguration : spring.jpa.open-in-view is enabled by default. Therefore, database queries may be performed during view rendering. Explicitly configure spring.jpa.open-in-view to disable this warning
2025-06-01T16:35:48.989+02:00  INFO 12944 --- [td3biblio] [main] o.s.b.a.e.web.EndpointLinksResolver      : Exposing 1 endpoint beneath base path '/actuator'
2025-06-01T16:35:49.539+02:00  INFO 12944 --- [td3biblio] [main] o.s.b.w.embedded.tomcat.TomcatWebServer  : Tomcat started on port 52584 (http) with context path '/'
2025-06-01T16:35:49.556+02:00  INFO 12944 --- [td3biblio] [main] c.u.b.t.controller.LivreControllerTest   : Started LivreControllerTest in 8.65 seconds (process running for 10.032)
2025-06-01T16:35:50.372+02:00  INFO 12944 --- [td3biblio] [http-nio-auto-1-exec-1] o.a.c.c.C.[Tomcat].[localhost].[/]       : Initializing Spring DispatcherServlet 'dispatcherServlet'
2025-06-01T16:35:50.372+02:00  INFO 12944 --- [td3biblio] [http-nio-auto-1-exec-1] o.s.web.servlet.DispatcherServlet        : Initializing Servlet 'dispatcherServlet'
2025-06-01T16:35:50.372+02:00  INFO 12944 --- [td3biblio] [http-nio-auto-1-exec-1] o.s.web.servlet.DispatcherServlet        : Completed initialization in 0 ms
2025-06-01T16:35:50.841+02:00  INFO 12944 --- [td3biblio] [http-nio-auto-1-exec-3] c.u.but3.td3biblio.service.LivreService  : Livre with id: 3 saved successfully
2025-06-01T16:35:50.889+02:00  INFO 12944 --- [td3biblio] [SpringApplicationShutdownHook] o.s.b.w.e.tomcat.GracefulShutdown        : Commencing graceful shutdown. Waiting for active requests to complete
2025-06-01T16:35:50.897+02:00  INFO 12944 --- [td3biblio] [tomcat-shutdown] o.s.b.w.e.tomcat.GracefulShutdown        : Graceful shutdown complete
2025-06-01T16:35:50.898+02:00  INFO 12944 --- [td3biblio] [SpringApplicationShutdownHook] j.LocalContainerEntityManagerFactoryBean : Closing JPA EntityManagerFactory for persistence unit 'default'
2025-06-01T16:35:50.908+02:00  INFO 12944 --- [td3biblio] [SpringApplicationShutdownHook] com.zaxxer.hikari.HikariDataSource       : HikariPool-1 - Shutdown initiated...
2025-06-01T16:35:50.915+02:00  INFO 12944 --- [td3biblio] [SpringApplicationShutdownHook] com.zaxxer.hikari.HikariDataSource       : HikariPool-1 - Shutdown completed.
2025-06-01T16:36:52.887+02:00  INFO 5920 --- [td3biblio] [main] c.u.b.t.Td3biblioApplicationTests        : Starting Td3biblioApplicationTests using Java 21.0.6 with PID 5920 (started by saezmi in C:\Users\saezmi\BUT3\R6.A.06\td3biblio)
2025-06-01T16:36:52.887+02:00  INFO 5920 --- [td3biblio] [main] c.u.b.t.Td3biblioApplicationTests        : No active profile set, falling back to 1 default profile: "default"
2025-06-01T16:36:54.487+02:00  INFO 5920 --- [td3biblio] [main] .s.d.r.c.RepositoryConfigurationDelegate : Bootstrapping Spring Data JPA repositories in DEFAULT mode.
2025-06-01T16:36:54.571+02:00  INFO 5920 --- [td3biblio] [main] .s.d.r.c.RepositoryConfigurationDelegate : Finished Spring Data repository scanning in 69 ms. Found 1 JPA repository interface.
2025-06-01T16:36:55.570+02:00  INFO 5920 --- [td3biblio] [main] com.zaxxer.hikari.HikariDataSource       : HikariPool-1 - Starting...
2025-06-01T16:36:55.826+02:00  INFO 5920 --- [td3biblio] [main] com.zaxxer.hikari.pool.HikariPool        : HikariPool-1 - Added connection org.postgresql.jdbc.PgConnection@40a1b6d4
2025-06-01T16:36:55.839+02:00  INFO 5920 --- [td3biblio] [main] com.zaxxer.hikari.HikariDataSource       : HikariPool-1 - Start completed.
2025-06-01T16:36:55.905+02:00  INFO 5920 --- [td3biblio] [main] org.flywaydb.core.FlywayExecutor         : Database: jdbc:postgresql://localhost:5432/biblio?currentSchema=biblio (PostgreSQL 17.0)
2025-06-01T16:36:56.108+02:00  INFO 5920 --- [td3biblio] [main] o.f.core.internal.command.DbValidate     : Successfully validated 2 migrations (execution time 00:00.128s)
2025-06-01T16:36:56.138+02:00  INFO 5920 --- [td3biblio] [main] o.f.core.internal.command.DbMigrate      : Current version of schema "biblio": 1
2025-06-01T16:36:56.171+02:00  INFO 5920 --- [td3biblio] [main] o.f.core.internal.command.DbMigrate      : Schema "biblio" is up to date. No migration necessary.
2025-06-01T16:36:56.570+02:00  INFO 5920 --- [td3biblio] [main] o.hibernate.jpa.internal.util.LogHelper  : HHH000204: Processing PersistenceUnitInfo [name: default]
2025-06-01T16:36:56.654+02:00  INFO 5920 --- [td3biblio] [main] org.hibernate.Version                    : HHH000412: Hibernate ORM core version 6.6.15.Final
2025-06-01T16:36:56.803+02:00  INFO 5920 --- [td3biblio] [main] o.h.c.internal.RegionFactoryInitiator    : HHH000026: Second-level cache disabled
2025-06-01T16:36:57.369+02:00  INFO 5920 --- [td3biblio] [main] o.s.o.j.p.SpringPersistenceUnitInfo      : No LoadTimeWeaver setup: ignoring JPA class transformer
2025-06-01T16:36:57.437+02:00  INFO 5920 --- [td3biblio] [main] org.hibernate.orm.connections.pooling    : HHH10001005: Database info:
	Database JDBC URL [Connecting through datasource 'HikariDataSource (HikariPool-1)']
	Database driver: undefined/unknown
	Database version: 17.0
	Autocommit mode: undefined/unknown
	Isolation level: undefined/unknown
	Minimum pool size: undefined/unknown
	Maximum pool size: undefined/unknown
2025-06-01T16:36:58.071+02:00  INFO 5920 --- [td3biblio] [main] o.h.e.t.j.p.i.JtaPlatformInitiator       : HHH000489: No JTA platform available (set 'hibernate.transaction.jta.platform' to enable JTA platform integration)
2025-06-01T16:36:58.071+02:00  INFO 5920 --- [td3biblio] [main] j.LocalContainerEntityManagerFactoryBean : Initialized JPA EntityManagerFactory for persistence unit 'default'
2025-06-01T16:36:58.570+02:00  WARN 5920 --- [td3biblio] [main] JpaBaseConfiguration$JpaWebConfiguration : spring.jpa.open-in-view is enabled by default. Therefore, database queries may be performed during view rendering. Explicitly configure spring.jpa.open-in-view to disable this warning
2025-06-01T16:36:59.326+02:00  INFO 5920 --- [td3biblio] [main] o.s.b.a.e.web.EndpointLinksResolver      : Exposing 1 endpoint beneath base path '/actuator'
2025-06-01T16:36:59.404+02:00  INFO 5920 --- [td3biblio] [main] c.u.b.t.Td3biblioApplicationTests        : Started Td3biblioApplicationTests in 7.017 seconds (process running for 8.271)
2025-06-01T16:36:59.820+02:00  INFO 5920 --- [td3biblio] [SpringApplicationShutdownHook] j.LocalContainerEntityManagerFactoryBean : Closing JPA EntityManagerFactory for persistence unit 'default'
2025-06-01T16:36:59.826+02:00  INFO 5920 --- [td3biblio] [SpringApplicationShutdownHook] com.zaxxer.hikari.HikariDataSource       : HikariPool-1 - Shutdown initiated...
2025-06-01T16:36:59.826+02:00  INFO 5920 --- [td3biblio] [SpringApplicationShutdownHook] com.zaxxer.hikari.HikariDataSource       : HikariPool-1 - Shutdown completed.
2025-06-01T16:37:46.300+02:00  INFO 16868 --- [td3biblio] [main] c.u.b.t.c.LivreControllerMockTest        : Starting LivreControllerMockTest using Java 21.0.6 with PID 16868 (started by saezmi in C:\Users\saezmi\BUT3\R6.A.06\td3biblio)
2025-06-01T16:37:46.303+02:00  INFO 16868 --- [td3biblio] [main] c.u.b.t.c.LivreControllerMockTest        : No active profile set, falling back to 1 default profile: "default"
2025-06-01T16:37:48.019+02:00  INFO 16868 --- [td3biblio] [main] .s.d.r.c.RepositoryConfigurationDelegate : Bootstrapping Spring Data JPA repositories in DEFAULT mode.
2025-06-01T16:37:48.132+02:00  INFO 16868 --- [td3biblio] [main] .s.d.r.c.RepositoryConfigurationDelegate : Finished Spring Data repository scanning in 84 ms. Found 1 JPA repository interface.
2025-06-01T16:37:49.142+02:00  INFO 16868 --- [td3biblio] [main] com.zaxxer.hikari.HikariDataSource       : HikariPool-1 - Starting...
2025-06-01T16:37:49.566+02:00  INFO 16868 --- [td3biblio] [main] com.zaxxer.hikari.pool.HikariPool        : HikariPool-1 - Added connection org.postgresql.jdbc.PgConnection@3057728e
2025-06-01T16:37:49.574+02:00  INFO 16868 --- [td3biblio] [main] com.zaxxer.hikari.HikariDataSource       : HikariPool-1 - Start completed.
2025-06-01T16:37:49.629+02:00  INFO 16868 --- [td3biblio] [main] org.flywaydb.core.FlywayExecutor         : Database: jdbc:postgresql://localhost:5432/biblio?currentSchema=biblio (PostgreSQL 17.0)
2025-06-01T16:37:49.738+02:00  INFO 16868 --- [td3biblio] [main] o.f.core.internal.command.DbValidate     : Successfully validated 2 migrations (execution time 00:00.069s)
2025-06-01T16:37:49.767+02:00  INFO 16868 --- [td3biblio] [main] o.f.core.internal.command.DbMigrate      : Current version of schema "biblio": 1
2025-06-01T16:37:49.782+02:00  INFO 16868 --- [td3biblio] [main] o.f.core.internal.command.DbMigrate      : Schema "biblio" is up to date. No migration necessary.
2025-06-01T16:37:49.994+02:00  INFO 16868 --- [td3biblio] [main] o.hibernate.jpa.internal.util.LogHelper  : HHH000204: Processing PersistenceUnitInfo [name: default]
2025-06-01T16:37:50.133+02:00  INFO 16868 --- [td3biblio] [main] org.hibernate.Version                    : HHH000412: Hibernate ORM core version 6.6.15.Final
2025-06-01T16:37:50.218+02:00  INFO 16868 --- [td3biblio] [main] o.h.c.internal.RegionFactoryInitiator    : HHH000026: Second-level cache disabled
2025-06-01T16:37:50.933+02:00  INFO 16868 --- [td3biblio] [main] o.s.o.j.p.SpringPersistenceUnitInfo      : No LoadTimeWeaver setup: ignoring JPA class transformer
2025-06-01T16:37:51.161+02:00  INFO 16868 --- [td3biblio] [main] org.hibernate.orm.connections.pooling    : HHH10001005: Database info:
	Database JDBC URL [Connecting through datasource 'HikariDataSource (HikariPool-1)']
	Database driver: undefined/unknown
	Database version: 17.0
	Autocommit mode: undefined/unknown
	Isolation level: undefined/unknown
	Minimum pool size: undefined/unknown
	Maximum pool size: undefined/unknown
2025-06-01T16:37:52.321+02:00  INFO 16868 --- [td3biblio] [main] o.h.e.t.j.p.i.JtaPlatformInitiator       : HHH000489: No JTA platform available (set 'hibernate.transaction.jta.platform' to enable JTA platform integration)
2025-06-01T16:37:52.324+02:00  INFO 16868 --- [td3biblio] [main] j.LocalContainerEntityManagerFactoryBean : Initialized JPA EntityManagerFactory for persistence unit 'default'
2025-06-01T16:37:52.914+02:00  WARN 16868 --- [td3biblio] [main] JpaBaseConfiguration$JpaWebConfiguration : spring.jpa.open-in-view is enabled by default. Therefore, database queries may be performed during view rendering. Explicitly configure spring.jpa.open-in-view to disable this warning
2025-06-01T16:37:53.818+02:00  INFO 16868 --- [td3biblio] [main] o.s.b.t.m.w.SpringBootMockServletContext : Initializing Spring TestDispatcherServlet ''
2025-06-01T16:37:53.819+02:00  INFO 16868 --- [td3biblio] [main] o.s.t.web.servlet.TestDispatcherServlet  : Initializing Servlet ''
2025-06-01T16:37:53.833+02:00  INFO 16868 --- [td3biblio] [main] o.s.b.a.e.web.EndpointLinksResolver      : Exposing 1 endpoint beneath base path '/actuator'
2025-06-01T16:37:53.862+02:00  INFO 16868 --- [td3biblio] [main] o.s.t.web.servlet.TestDispatcherServlet  : Completed initialization in 43 ms
2025-06-01T16:37:53.981+02:00  INFO 16868 --- [td3biblio] [main] c.u.b.t.c.LivreControllerMockTest        : Started LivreControllerMockTest in 8.444 seconds (process running for 11.023)
2025-06-01T16:37:54.988+02:00  INFO 16868 --- [td3biblio] [main] t.c.s.AnnotationConfigContextLoaderUtils : Could not detect default configuration classes for test class [com.usmb.but3.td3biblio.controller.LivreControllerTest]: LivreControllerTest does not declare any static, non-private, non-final, nested classes annotated with @Configuration.
2025-06-01T16:37:54.992+02:00  INFO 16868 --- [td3biblio] [main] .b.t.c.SpringBootTestContextBootstrapper : Found @SpringBootConfiguration com.usmb.but3.td3biblio.Td2biblioApplication for test class com.usmb.but3.td3biblio.controller.LivreControllerTest
2025-06-01T16:37:55.061+02:00  INFO 16868 --- [td3biblio] [main] c.u.b.t.controller.LivreControllerTest   : Starting LivreControllerTest using Java 21.0.6 with PID 16868 (started by saezmi in C:\Users\saezmi\BUT3\R6.A.06\td3biblio)
2025-06-01T16:37:55.061+02:00  INFO 16868 --- [td3biblio] [main] c.u.b.t.controller.LivreControllerTest   : No active profile set, falling back to 1 default profile: "default"
2025-06-01T16:37:55.332+02:00  INFO 16868 --- [td3biblio] [main] .s.d.r.c.RepositoryConfigurationDelegate : Bootstrapping Spring Data JPA repositories in DEFAULT mode.
2025-06-01T16:37:55.340+02:00  INFO 16868 --- [td3biblio] [main] .s.d.r.c.RepositoryConfigurationDelegate : Finished Spring Data repository scanning in 6 ms. Found 1 JPA repository interface.
2025-06-01T16:37:55.595+02:00  INFO 16868 --- [td3biblio] [main] o.s.b.w.embedded.tomcat.TomcatWebServer  : Tomcat initialized with port 0 (http)
2025-06-01T16:37:55.613+02:00  INFO 16868 --- [td3biblio] [main] o.apache.catalina.core.StandardService   : Starting service [Tomcat]
2025-06-01T16:37:55.613+02:00  INFO 16868 --- [td3biblio] [main] o.apache.catalina.core.StandardEngine    : Starting Servlet engine: [Apache Tomcat/10.1.41]
2025-06-01T16:37:55.676+02:00  INFO 16868 --- [td3biblio] [main] o.a.c.c.C.[Tomcat].[localhost].[/]       : Initializing Spring embedded WebApplicationContext
2025-06-01T16:37:55.677+02:00  INFO 16868 --- [td3biblio] [main] w.s.c.ServletWebServerApplicationContext : Root WebApplicationContext: initialization completed in 612 ms
2025-06-01T16:37:55.807+02:00  INFO 16868 --- [td3biblio] [main] com.zaxxer.hikari.HikariDataSource       : HikariPool-2 - Starting...
2025-06-01T16:37:55.836+02:00  INFO 16868 --- [td3biblio] [main] com.zaxxer.hikari.pool.HikariPool        : HikariPool-2 - Added connection org.postgresql.jdbc.PgConnection@3ceb5831
2025-06-01T16:37:55.836+02:00  INFO 16868 --- [td3biblio] [main] com.zaxxer.hikari.HikariDataSource       : HikariPool-2 - Start completed.
2025-06-01T16:37:55.838+02:00  INFO 16868 --- [td3biblio] [main] org.flywaydb.core.FlywayExecutor         : Database: jdbc:postgresql://localhost:5432/biblio?currentSchema=biblio (PostgreSQL 17.0)
2025-06-01T16:37:55.850+02:00  INFO 16868 --- [td3biblio] [main] o.f.core.internal.command.DbValidate     : Successfully validated 2 migrations (execution time 00:00.005s)
2025-06-01T16:37:55.880+02:00  INFO 16868 --- [td3biblio] [main] o.f.core.internal.command.DbMigrate      : Current version of schema "biblio": 1
2025-06-01T16:37:55.881+02:00  INFO 16868 --- [td3biblio] [main] o.f.core.internal.command.DbMigrate      : Schema "biblio" is up to date. No migration necessary.
2025-06-01T16:37:55.897+02:00  INFO 16868 --- [td3biblio] [main] o.hibernate.jpa.internal.util.LogHelper  : HHH000204: Processing PersistenceUnitInfo [name: default]
2025-06-01T16:37:55.900+02:00  INFO 16868 --- [td3biblio] [main] o.h.c.internal.RegionFactoryInitiator    : HHH000026: Second-level cache disabled
2025-06-01T16:37:55.906+02:00  INFO 16868 --- [td3biblio] [main] o.s.o.j.p.SpringPersistenceUnitInfo      : No LoadTimeWeaver setup: ignoring JPA class transformer
2025-06-01T16:37:55.915+02:00  INFO 16868 --- [td3biblio] [main] org.hibernate.orm.connections.pooling    : HHH10001005: Database info:
	Database JDBC URL [Connecting through datasource 'HikariDataSource (HikariPool-2)']
	Database driver: undefined/unknown
	Database version: 17.0
	Autocommit mode: undefined/unknown
	Isolation level: undefined/unknown
	Minimum pool size: undefined/unknown
	Maximum pool size: undefined/unknown
2025-06-01T16:37:55.941+02:00  INFO 16868 --- [td3biblio] [main] o.h.e.t.j.p.i.JtaPlatformInitiator       : HHH000489: No JTA platform available (set 'hibernate.transaction.jta.platform' to enable JTA platform integration)
2025-06-01T16:37:55.941+02:00  INFO 16868 --- [td3biblio] [main] j.LocalContainerEntityManagerFactoryBean : Initialized JPA EntityManagerFactory for persistence unit 'default'
2025-06-01T16:37:55.976+02:00  WARN 16868 --- [td3biblio] [main] JpaBaseConfiguration$JpaWebConfiguration : spring.jpa.open-in-view is enabled by default. Therefore, database queries may be performed during view rendering. Explicitly configure spring.jpa.open-in-view to disable this warning
2025-06-01T16:37:56.090+02:00  INFO 16868 --- [td3biblio] [main] o.s.b.a.e.web.EndpointLinksResolver      : Exposing 1 endpoint beneath base path '/actuator'
2025-06-01T16:37:56.343+02:00  INFO 16868 --- [td3biblio] [main] o.s.b.w.embedded.tomcat.TomcatWebServer  : Tomcat started on port 52641 (http) with context path '/'
2025-06-01T16:37:56.348+02:00  INFO 16868 --- [td3biblio] [main] c.u.b.t.controller.LivreControllerTest   : Started LivreControllerTest in 1.35 seconds (process running for 13.391)
2025-06-01T16:37:56.476+02:00  INFO 16868 --- [td3biblio] [http-nio-auto-1-exec-1] o.a.c.c.C.[Tomcat].[localhost].[/]       : Initializing Spring DispatcherServlet 'dispatcherServlet'
2025-06-01T16:37:56.476+02:00  INFO 16868 --- [td3biblio] [http-nio-auto-1-exec-1] o.s.web.servlet.DispatcherServlet        : Initializing Servlet 'dispatcherServlet'
2025-06-01T16:37:56.477+02:00  INFO 16868 --- [td3biblio] [http-nio-auto-1-exec-1] o.s.web.servlet.DispatcherServlet        : Completed initialization in 1 ms
2025-06-01T16:37:56.785+02:00  INFO 16868 --- [td3biblio] [http-nio-auto-1-exec-2] c.u.but3.td3biblio.service.LivreService  : Livre with id: 3 saved successfully
2025-06-01T16:37:56.812+02:00  INFO 16868 --- [td3biblio] [main] t.c.s.AnnotationConfigContextLoaderUtils : Could not detect default configuration classes for test class [com.usmb.but3.td3biblio.Td3biblioApplicationTests]: Td3biblioApplicationTests does not declare any static, non-private, non-final, nested classes annotated with @Configuration.
2025-06-01T16:37:56.817+02:00  INFO 16868 --- [td3biblio] [main] .b.t.c.SpringBootTestContextBootstrapper : Found @SpringBootConfiguration com.usmb.but3.td3biblio.Td2biblioApplication for test class com.usmb.but3.td3biblio.Td3biblioApplicationTests
2025-06-01T16:37:56.845+02:00  INFO 16868 --- [td3biblio] [main] c.u.b.t.Td3biblioApplicationTests        : Starting Td3biblioApplicationTests using Java 21.0.6 with PID 16868 (started by saezmi in C:\Users\saezmi\BUT3\R6.A.06\td3biblio)
2025-06-01T16:37:56.845+02:00  INFO 16868 --- [td3biblio] [main] c.u.b.t.Td3biblioApplicationTests        : No active profile set, falling back to 1 default profile: "default"
2025-06-01T16:37:57.097+02:00  INFO 16868 --- [td3biblio] [main] .s.d.r.c.RepositoryConfigurationDelegate : Bootstrapping Spring Data JPA repositories in DEFAULT mode.
2025-06-01T16:37:57.108+02:00  INFO 16868 --- [td3biblio] [main] .s.d.r.c.RepositoryConfigurationDelegate : Finished Spring Data repository scanning in 9 ms. Found 1 JPA repository interface.
2025-06-01T16:37:57.176+02:00  INFO 16868 --- [td3biblio] [main] com.zaxxer.hikari.HikariDataSource       : HikariPool-3 - Starting...
2025-06-01T16:37:57.204+02:00  INFO 16868 --- [td3biblio] [main] com.zaxxer.hikari.pool.HikariPool        : HikariPool-3 - Added connection org.postgresql.jdbc.PgConnection@19a216c6
2025-06-01T16:37:57.204+02:00  INFO 16868 --- [td3biblio] [main] com.zaxxer.hikari.HikariDataSource       : HikariPool-3 - Start completed.
2025-06-01T16:37:57.205+02:00  INFO 16868 --- [td3biblio] [main] org.flywaydb.core.FlywayExecutor         : Database: jdbc:postgresql://localhost:5432/biblio?currentSchema=biblio (PostgreSQL 17.0)
2025-06-01T16:37:57.216+02:00  INFO 16868 --- [td3biblio] [main] o.f.core.internal.command.DbValidate     : Successfully validated 2 migrations (execution time 00:00.005s)
2025-06-01T16:37:57.247+02:00  INFO 16868 --- [td3biblio] [main] o.f.core.internal.command.DbMigrate      : Current version of schema "biblio": 1
2025-06-01T16:37:57.248+02:00  INFO 16868 --- [td3biblio] [main] o.f.core.internal.command.DbMigrate      : Schema "biblio" is up to date. No migration necessary.
2025-06-01T16:37:57.260+02:00  INFO 16868 --- [td3biblio] [main] o.hibernate.jpa.internal.util.LogHelper  : HHH000204: Processing PersistenceUnitInfo [name: default]
2025-06-01T16:37:57.266+02:00  INFO 16868 --- [td3biblio] [main] o.h.c.internal.RegionFactoryInitiator    : HHH000026: Second-level cache disabled
2025-06-01T16:37:57.279+02:00  INFO 16868 --- [td3biblio] [main] o.s.o.j.p.SpringPersistenceUnitInfo      : No LoadTimeWeaver setup: ignoring JPA class transformer
2025-06-01T16:37:57.292+02:00  INFO 16868 --- [td3biblio] [main] org.hibernate.orm.connections.pooling    : HHH10001005: Database info:
	Database JDBC URL [Connecting through datasource 'HikariDataSource (HikariPool-3)']
	Database driver: undefined/unknown
	Database version: 17.0
	Autocommit mode: undefined/unknown
	Isolation level: undefined/unknown
	Minimum pool size: undefined/unknown
	Maximum pool size: undefined/unknown
2025-06-01T16:37:57.324+02:00  INFO 16868 --- [td3biblio] [main] o.h.e.t.j.p.i.JtaPlatformInitiator       : HHH000489: No JTA platform available (set 'hibernate.transaction.jta.platform' to enable JTA platform integration)
2025-06-01T16:37:57.324+02:00  INFO 16868 --- [td3biblio] [main] j.LocalContainerEntityManagerFactoryBean : Initialized JPA EntityManagerFactory for persistence unit 'default'
2025-06-01T16:37:57.375+02:00  WARN 16868 --- [td3biblio] [main] JpaBaseConfiguration$JpaWebConfiguration : spring.jpa.open-in-view is enabled by default. Therefore, database queries may be performed during view rendering. Explicitly configure spring.jpa.open-in-view to disable this warning
2025-06-01T16:37:57.510+02:00  INFO 16868 --- [td3biblio] [main] o.s.b.a.e.web.EndpointLinksResolver      : Exposing 1 endpoint beneath base path '/actuator'
2025-06-01T16:37:57.524+02:00  INFO 16868 --- [td3biblio] [main] c.u.b.t.Td3biblioApplicationTests        : Started Td3biblioApplicationTests in 0.7 seconds (process running for 14.567)
2025-06-01T16:37:57.554+02:00  INFO 16868 --- [td3biblio] [SpringApplicationShutdownHook] j.LocalContainerEntityManagerFactoryBean : Closing JPA EntityManagerFactory for persistence unit 'default'
2025-06-01T16:37:57.558+02:00  INFO 16868 --- [td3biblio] [SpringApplicationShutdownHook] com.zaxxer.hikari.HikariDataSource       : HikariPool-1 - Shutdown initiated...
2025-06-01T16:37:57.571+02:00  INFO 16868 --- [td3biblio] [SpringApplicationShutdownHook] com.zaxxer.hikari.HikariDataSource       : HikariPool-1 - Shutdown completed.
2025-06-01T16:37:57.577+02:00  INFO 16868 --- [td3biblio] [SpringApplicationShutdownHook] o.s.b.w.e.tomcat.GracefulShutdown        : Commencing graceful shutdown. Waiting for active requests to complete
2025-06-01T16:37:57.581+02:00  INFO 16868 --- [td3biblio] [tomcat-shutdown] o.s.b.w.e.tomcat.GracefulShutdown        : Graceful shutdown complete
2025-06-01T16:37:57.718+02:00  INFO 16868 --- [td3biblio] [SpringApplicationShutdownHook] j.LocalContainerEntityManagerFactoryBean : Closing JPA EntityManagerFactory for persistence unit 'default'
2025-06-01T16:37:57.719+02:00  INFO 16868 --- [td3biblio] [SpringApplicationShutdownHook] com.zaxxer.hikari.HikariDataSource       : HikariPool-2 - Shutdown initiated...
2025-06-01T16:37:57.723+02:00  INFO 16868 --- [td3biblio] [SpringApplicationShutdownHook] com.zaxxer.hikari.HikariDataSource       : HikariPool-2 - Shutdown completed.
2025-06-01T16:37:57.735+02:00  INFO 16868 --- [td3biblio] [SpringApplicationShutdownHook] j.LocalContainerEntityManagerFactoryBean : Closing JPA EntityManagerFactory for persistence unit 'default'
2025-06-01T16:37:57.736+02:00  INFO 16868 --- [td3biblio] [SpringApplicationShutdownHook] com.zaxxer.hikari.HikariDataSource       : HikariPool-3 - Shutdown initiated...
2025-06-01T16:37:57.744+02:00  INFO 16868 --- [td3biblio] [SpringApplicationShutdownHook] com.zaxxer.hikari.HikariDataSource       : HikariPool-3 - Shutdown completed.
