2026-06-08T16:48:43.734+02:00  INFO 19336 --- [td4biblio] [main] c.u.but3.td4biblio.view.AuteurViewTest   : Starting AuteurViewTest using Java 21.0.6 with PID 19336 (started by saezmi in C:\Users\saezmi\BUT3_2024_25\S6.A.01\biblioVaadin)
2026-06-08T16:48:43.744+02:00  INFO 19336 --- [td4biblio] [main] c.u.but3.td4biblio.view.AuteurViewTest   : No active profile set, falling back to 1 default profile: "default"
2026-06-08T16:48:44.967+02:00  INFO 19336 --- [td4biblio] [main] .s.d.r.c.RepositoryConfigurationDelegate : Bootstrapping Spring Data JPA repositories in DEFAULT mode.
2026-06-08T16:48:45.169+02:00  INFO 19336 --- [td4biblio] [main] .s.d.r.c.RepositoryConfigurationDelegate : Finished Spring Data repository scanning in 188 ms. Found 2 JPA repository interfaces.
2026-06-08T16:48:45.923+02:00  INFO 19336 --- [td4biblio] [main] com.zaxxer.hikari.HikariDataSource       : HikariPool-1 - Starting...
2026-06-08T16:48:46.236+02:00  INFO 19336 --- [td4biblio] [main] com.zaxxer.hikari.pool.HikariPool        : HikariPool-1 - Added connection org.postgresql.jdbc.PgConnection@1d1cfe4
2026-06-08T16:48:46.236+02:00  INFO 19336 --- [td4biblio] [main] com.zaxxer.hikari.HikariDataSource       : HikariPool-1 - Start completed.
2026-06-08T16:48:46.266+02:00  INFO 19336 --- [td4biblio] [main] o.f.c.i.resource.ResourceNameValidator   : 2 SQL migrations were detected but not run because they did not follow the filename convention.
2026-06-08T16:48:46.266+02:00  INFO 19336 --- [td4biblio] [main] o.f.c.i.resource.ResourceNameValidator   : Set 'validateMigrationNaming' to true to fail fast and see a list of the invalid file names.
2026-06-08T16:48:46.283+02:00  INFO 19336 --- [td4biblio] [main] org.flywaydb.core.FlywayExecutor         : Database: jdbc:postgresql://localhost:5432/biblio?currentSchema=biblio (PostgreSQL 17.0)
2026-06-08T16:48:46.392+02:00  INFO 19336 --- [td4biblio] [main] o.f.core.internal.command.DbValidate     : Successfully validated 8 migrations (execution time 00:00.051s)
2026-06-08T16:48:46.408+02:00  INFO 19336 --- [td4biblio] [main] o.f.core.internal.command.DbMigrate      : Current version of schema "biblio": 7
2026-06-08T16:48:46.415+02:00  INFO 19336 --- [td4biblio] [main] o.f.core.internal.command.DbMigrate      : Schema "biblio" is up to date. No migration necessary.
2026-06-08T16:48:46.553+02:00  INFO 19336 --- [td4biblio] [main] o.hibernate.jpa.internal.util.LogHelper  : HHH000204: Processing PersistenceUnitInfo [name: default]
2026-06-08T16:48:46.663+02:00  INFO 19336 --- [td4biblio] [main] org.hibernate.Version                    : HHH000412: Hibernate ORM core version 6.6.15.Final
2026-06-08T16:48:46.716+02:00  INFO 19336 --- [td4biblio] [main] o.h.c.internal.RegionFactoryInitiator    : HHH000026: Second-level cache disabled
2026-06-08T16:48:47.008+02:00  INFO 19336 --- [td4biblio] [main] o.s.o.j.p.SpringPersistenceUnitInfo      : No LoadTimeWeaver setup: ignoring JPA class transformer
2026-06-08T16:48:47.107+02:00  INFO 19336 --- [td4biblio] [main] org.hibernate.orm.connections.pooling    : HHH10001005: Database info:
	Database JDBC URL [Connecting through datasource 'HikariDataSource (HikariPool-1)']
	Database driver: undefined/unknown
	Database version: 17.0
	Autocommit mode: undefined/unknown
	Isolation level: undefined/unknown
	Minimum pool size: undefined/unknown
	Maximum pool size: undefined/unknown
2026-06-08T16:48:47.933+02:00  INFO 19336 --- [td4biblio] [main] o.h.e.t.j.p.i.JtaPlatformInitiator       : HHH000489: No JTA platform available (set 'hibernate.transaction.jta.platform' to enable JTA platform integration)
2026-06-08T16:48:47.936+02:00  INFO 19336 --- [td4biblio] [main] j.LocalContainerEntityManagerFactoryBean : Initialized JPA EntityManagerFactory for persistence unit 'default'
2026-06-08T16:48:48.654+02:00  WARN 19336 --- [td4biblio] [main] JpaBaseConfiguration$JpaWebConfiguration : spring.jpa.open-in-view is enabled by default. Therefore, database queries may be performed during view rendering. Explicitly configure spring.jpa.open-in-view to disable this warning
2026-06-08T16:48:49.114+02:00  INFO 19336 --- [td4biblio] [main] org.atmosphere.cpr.AtmosphereFramework   : Installed AtmosphereHandler com.vaadin.hilla.push.PushEndpoint mapped to context-path: /HILLA/push
2026-06-08T16:48:49.115+02:00  INFO 19336 --- [td4biblio] [main] org.atmosphere.cpr.AtmosphereFramework   : Installed the following AtmosphereInterceptor mapped to AtmosphereHandler com.vaadin.hilla.push.PushEndpoint
2026-06-08T16:48:49.115+02:00  INFO 19336 --- [td4biblio] [main] org.atmosphere.cpr.AtmosphereFramework   : 	org.atmosphere.interceptor.AtmosphereResourceLifecycleInterceptor : Atmosphere LifeCycle
2026-06-08T16:48:49.116+02:00  INFO 19336 --- [td4biblio] [main] org.atmosphere.cpr.AtmosphereFramework   : 	org.atmosphere.client.TrackMessageSizeInterceptor :  Track Message Size Interceptor using |
2026-06-08T16:48:49.117+02:00  INFO 19336 --- [td4biblio] [main] org.atmosphere.cpr.AtmosphereFramework   : 	org.atmosphere.interceptor.SuspendTrackerInterceptor : UUID Tracking Interceptor
2026-06-08T16:48:49.435+02:00  INFO 19336 --- [td4biblio] [main] o.s.b.a.e.web.EndpointLinksResolver      : Exposing 1 endpoint beneath base path '/actuator'
2026-06-08T16:48:49.559+02:00  INFO 19336 --- [td4biblio] [main] c.u.but3.td4biblio.view.AuteurViewTest   : Started AuteurViewTest in 6.174 seconds (process running for 7.155)
2026-06-08T16:48:50.369+02:00  INFO 19336 --- [td4biblio] [main] c.u.but3.td4biblio.view.AuteurViewTest   :  auteur in editor :  
2026-06-08T16:48:50.421+02:00  INFO 19336 --- [td4biblio] [main] c.u.but3.td4biblio.view.AuteurViewTest   : Le nouvel Auteur doit être le dernier dans la grid : Auteur(id=37, nom=Emile, prenom=Zola, nationalite=Française, dateNaissance=1840-04-02, dateDeces=1902-09-29)
2026-06-08T16:48:50.442+02:00  INFO 19336 --- [td4biblio] [main] c.u.but3.td4biblio.view.AuteurViewTest   : First Auteur: Auteur(id=1, nom=Hugo, prenom=Victor, nationalite=Français, dateNaissance=1802-02-26, dateDeces=1885-05-22)
2026-06-08T16:48:50.455+02:00  INFO 19336 --- [td4biblio] [main] c.u.but3.td4biblio.view.AuteurViewTest   :  auteur in editor : Victor Hugo
2026-06-08T16:48:50.490+02:00  INFO 19336 --- [td4biblio] [SpringApplicationShutdownHook] j.LocalContainerEntityManagerFactoryBean : Closing JPA EntityManagerFactory for persistence unit 'default'
2026-06-08T16:48:50.490+02:00  INFO 19336 --- [td4biblio] [SpringApplicationShutdownHook] com.zaxxer.hikari.HikariDataSource       : HikariPool-1 - Shutdown initiated...
2026-06-08T16:48:50.503+02:00  INFO 19336 --- [td4biblio] [SpringApplicationShutdownHook] com.zaxxer.hikari.HikariDataSource       : HikariPool-1 - Shutdown completed.
2026-06-08T16:50:25.799+02:00  INFO 3004 --- [td4biblio] [main] c.u.but3.td4biblio.Td2biblioApplication  : Starting Td2biblioApplication using Java 21.0.6 with PID 3004 (C:\Users\saezmi\BUT3_2024_25\S6.A.01\biblioVaadin\bin\main started by saezmi in C:\Users\saezmi\BUT3_2024_25\S6.A.01\biblioVaadin)
2026-06-08T16:50:25.802+02:00  INFO 3004 --- [td4biblio] [main] c.u.but3.td4biblio.Td2biblioApplication  : No active profile set, falling back to 1 default profile: "default"
2026-06-08T16:50:27.004+02:00  INFO 3004 --- [td4biblio] [main] .s.d.r.c.RepositoryConfigurationDelegate : Bootstrapping Spring Data JPA repositories in DEFAULT mode.
2026-06-08T16:50:27.145+02:00  INFO 3004 --- [td4biblio] [main] .s.d.r.c.RepositoryConfigurationDelegate : Finished Spring Data repository scanning in 128 ms. Found 2 JPA repository interfaces.
2026-06-08T16:50:27.813+02:00  INFO 3004 --- [td4biblio] [main] o.s.b.w.embedded.tomcat.TomcatWebServer  : Tomcat initialized with port 8080 (http)
2026-06-08T16:50:27.833+02:00  INFO 3004 --- [td4biblio] [main] o.apache.catalina.core.StandardService   : Starting service [Tomcat]
2026-06-08T16:50:27.834+02:00  INFO 3004 --- [td4biblio] [main] o.apache.catalina.core.StandardEngine    : Starting Servlet engine: [Apache Tomcat/10.1.41]
2026-06-08T16:50:27.935+02:00  INFO 3004 --- [td4biblio] [main] o.a.c.c.C.[Tomcat].[localhost].[/]       : Initializing Spring embedded WebApplicationContext
2026-06-08T16:50:27.935+02:00  INFO 3004 --- [td4biblio] [main] w.s.c.ServletWebServerApplicationContext : Root WebApplicationContext: initialization completed in 2078 ms
2026-06-08T16:50:28.153+02:00  INFO 3004 --- [td4biblio] [main] org.atmosphere.cpr.AtmosphereFramework   : Installed AtmosphereHandler com.vaadin.hilla.push.PushEndpoint mapped to context-path: /HILLA/push
2026-06-08T16:50:28.155+02:00  INFO 3004 --- [td4biblio] [main] org.atmosphere.cpr.AtmosphereFramework   : Installed the following AtmosphereInterceptor mapped to AtmosphereHandler com.vaadin.hilla.push.PushEndpoint
2026-06-08T16:50:28.155+02:00  INFO 3004 --- [td4biblio] [main] org.atmosphere.cpr.AtmosphereFramework   : 	org.atmosphere.interceptor.AtmosphereResourceLifecycleInterceptor : Atmosphere LifeCycle
2026-06-08T16:50:28.155+02:00  INFO 3004 --- [td4biblio] [main] org.atmosphere.cpr.AtmosphereFramework   : 	org.atmosphere.client.TrackMessageSizeInterceptor :  Track Message Size Interceptor using |
2026-06-08T16:50:28.156+02:00  INFO 3004 --- [td4biblio] [main] org.atmosphere.cpr.AtmosphereFramework   : 	org.atmosphere.interceptor.SuspendTrackerInterceptor : UUID Tracking Interceptor
2026-06-08T16:50:28.348+02:00  INFO 3004 --- [td4biblio] [main] o.a.c.c.C.[Tomcat].[localhost].[/]       : Initializing AtmosphereFramework
2026-06-08T16:50:31.650+02:00  INFO 3004 --- [td4biblio] [main] c.v.f.s.VaadinServletContextInitializer  : Search for subclasses and classes with annotations took 2917 ms
2026-06-08T16:50:32.135+02:00  INFO 3004 --- [td4biblio] [main] c.v.b.d.startup.DevModeStartupListener   : Starting dev-mode updaters in C:\Users\saezmi\BUT3_2024_25\S6.A.01\biblioVaadin folder.
2026-06-08T16:50:32.175+02:00  INFO 3004 --- [td4biblio] [main] c.v.f.s.f.s.FullDependenciesScanner      : Visited 102 classes. Took 26 ms.
2026-06-08T16:50:32.178+02:00  INFO 3004 --- [td4biblio] [main] c.v.f.s.frontend.BundleValidationUtil    : Checking if a development mode bundle build is needed
2026-06-08T16:50:32.393+02:00  INFO 3004 --- [td4biblio] [main] c.v.f.s.frontend.BundleValidationUtil    : A development mode bundle build is not needed
2026-06-08T16:50:32.425+02:00  INFO 3004 --- [td4biblio] [vaadin-dev-server-1] c.v.f.s.frontend.TaskCopyFrontendFiles   : Copying frontend resources from jar files ...
2026-06-08T16:50:32.527+02:00  INFO 3004 --- [td4biblio] [vaadin-dev-server-1] c.v.f.s.frontend.TaskCopyFrontendFiles   : Visited 19 resources. Took 100 ms.
2026-06-08T16:50:32.720+02:00  INFO 3004 --- [td4biblio] [main] com.zaxxer.hikari.HikariDataSource       : HikariPool-1 - Starting...
2026-06-08T16:50:32.940+02:00  INFO 3004 --- [td4biblio] [main] com.zaxxer.hikari.pool.HikariPool        : HikariPool-1 - Added connection org.postgresql.jdbc.PgConnection@d5fd167
2026-06-08T16:50:32.946+02:00  INFO 3004 --- [td4biblio] [main] com.zaxxer.hikari.HikariDataSource       : HikariPool-1 - Start completed.
2026-06-08T16:50:32.978+02:00  INFO 3004 --- [td4biblio] [main] o.f.c.i.resource.ResourceNameValidator   : 2 SQL migrations were detected but not run because they did not follow the filename convention.
2026-06-08T16:50:32.979+02:00  INFO 3004 --- [td4biblio] [main] o.f.c.i.resource.ResourceNameValidator   : Set 'validateMigrationNaming' to true to fail fast and see a list of the invalid file names.
2026-06-08T16:50:32.985+02:00  INFO 3004 --- [td4biblio] [main] org.flywaydb.core.FlywayExecutor         : Database: jdbc:postgresql://localhost:5432/biblio?currentSchema=biblio (PostgreSQL 17.0)
2026-06-08T16:50:33.050+02:00  INFO 3004 --- [td4biblio] [main] o.f.core.internal.command.DbValidate     : Successfully validated 8 migrations (execution time 00:00.037s)
2026-06-08T16:50:33.090+02:00  INFO 3004 --- [td4biblio] [main] o.f.core.internal.command.DbMigrate      : Current version of schema "biblio": 7
2026-06-08T16:50:33.094+02:00  INFO 3004 --- [td4biblio] [main] o.f.core.internal.command.DbMigrate      : Schema "biblio" is up to date. No migration necessary.
2026-06-08T16:50:33.189+02:00  INFO 3004 --- [td4biblio] [main] o.hibernate.jpa.internal.util.LogHelper  : HHH000204: Processing PersistenceUnitInfo [name: default]
2026-06-08T16:50:33.231+02:00  INFO 3004 --- [td4biblio] [main] org.hibernate.Version                    : HHH000412: Hibernate ORM core version 6.6.15.Final
2026-06-08T16:50:33.258+02:00  INFO 3004 --- [td4biblio] [main] o.h.c.internal.RegionFactoryInitiator    : HHH000026: Second-level cache disabled
2026-06-08T16:50:33.550+02:00  INFO 3004 --- [td4biblio] [main] o.s.o.j.p.SpringPersistenceUnitInfo      : No LoadTimeWeaver setup: ignoring JPA class transformer
2026-06-08T16:50:33.621+02:00  INFO 3004 --- [td4biblio] [main] org.hibernate.orm.connections.pooling    : HHH10001005: Database info:
	Database JDBC URL [Connecting through datasource 'HikariDataSource (HikariPool-1)']
	Database driver: undefined/unknown
	Database version: 17.0
	Autocommit mode: undefined/unknown
	Isolation level: undefined/unknown
	Minimum pool size: undefined/unknown
	Maximum pool size: undefined/unknown
2026-06-08T16:50:34.328+02:00  INFO 3004 --- [td4biblio] [main] o.h.e.t.j.p.i.JtaPlatformInitiator       : HHH000489: No JTA platform available (set 'hibernate.transaction.jta.platform' to enable JTA platform integration)
2026-06-08T16:50:34.330+02:00  INFO 3004 --- [td4biblio] [main] j.LocalContainerEntityManagerFactoryBean : Initialized JPA EntityManagerFactory for persistence unit 'default'
2026-06-08T16:50:34.787+02:00  WARN 3004 --- [td4biblio] [main] JpaBaseConfiguration$JpaWebConfiguration : spring.jpa.open-in-view is enabled by default. Therefore, database queries may be performed during view rendering. Explicitly configure spring.jpa.open-in-view to disable this warning
2026-06-08T16:50:35.383+02:00  INFO 3004 --- [td4biblio] [main] o.s.b.a.e.web.EndpointLinksResolver      : Exposing 1 endpoint beneath base path '/actuator'
2026-06-08T16:50:35.425+02:00  INFO 3004 --- [td4biblio] [main] org.atmosphere.cpr.AtmosphereFramework   : Installed AtmosphereHandler com.vaadin.flow.server.communication.PushAtmosphereHandler mapped to context-path: /*
2026-06-08T16:50:35.425+02:00  INFO 3004 --- [td4biblio] [main] org.atmosphere.cpr.AtmosphereFramework   : Installed the following AtmosphereInterceptor mapped to AtmosphereHandler com.vaadin.flow.server.communication.PushAtmosphereHandler
2026-06-08T16:50:35.447+02:00  INFO 3004 --- [td4biblio] [main] org.atmosphere.cpr.AtmosphereFramework   : Atmosphere is using org.atmosphere.util.VoidAnnotationProcessor for processing annotation
2026-06-08T16:50:35.453+02:00  INFO 3004 --- [td4biblio] [main] org.atmosphere.util.ForkJoinPool         : Using ForkJoinPool  java.util.concurrent.ForkJoinPool. Set the org.atmosphere.cpr.broadcaster.maxAsyncWriteThreads to -1 to fully use its power.
2026-06-08T16:50:35.459+02:00  INFO 3004 --- [td4biblio] [main] org.atmosphere.cpr.AtmosphereFramework   : Installed WebSocketProtocol org.atmosphere.websocket.protocol.SimpleHttpProtocol 
2026-06-08T16:50:35.462+02:00  INFO 3004 --- [td4biblio] [main] o.a.container.JSR356AsyncSupport         : JSR 356 Mapping path /VAADIN/push
2026-06-08T16:50:35.470+02:00  INFO 3004 --- [td4biblio] [main] org.atmosphere.cpr.AtmosphereFramework   : Installing Default AtmosphereInterceptors
2026-06-08T16:50:35.471+02:00  INFO 3004 --- [td4biblio] [main] org.atmosphere.cpr.AtmosphereFramework   : 	org.atmosphere.interceptor.CorsInterceptor : CORS Interceptor Support
2026-06-08T16:50:35.471+02:00  INFO 3004 --- [td4biblio] [main] org.atmosphere.cpr.AtmosphereFramework   : 	org.atmosphere.interceptor.CacheHeadersInterceptor : Default Response's Headers Interceptor
2026-06-08T16:50:35.472+02:00  INFO 3004 --- [td4biblio] [main] org.atmosphere.cpr.AtmosphereFramework   : 	org.atmosphere.interceptor.PaddingAtmosphereInterceptor : Browser Padding Interceptor Support
2026-06-08T16:50:35.472+02:00  INFO 3004 --- [td4biblio] [main] org.atmosphere.cpr.AtmosphereFramework   : 	org.atmosphere.interceptor.AndroidAtmosphereInterceptor : Android Interceptor Support
2026-06-08T16:50:35.473+02:00  INFO 3004 --- [td4biblio] [main] org.atmosphere.cpr.AtmosphereFramework   : 	org.atmosphere.interceptor.HeartbeatInterceptor : Heartbeat Interceptor Support
2026-06-08T16:50:35.474+02:00  INFO 3004 --- [td4biblio] [main] org.atmosphere.cpr.AtmosphereFramework   : 	org.atmosphere.interceptor.SSEAtmosphereInterceptor : SSE Interceptor Support
2026-06-08T16:50:35.474+02:00  INFO 3004 --- [td4biblio] [main] org.atmosphere.cpr.AtmosphereFramework   : 	org.atmosphere.interceptor.JSONPAtmosphereInterceptor : JSONP Interceptor Support
2026-06-08T16:50:35.476+02:00  INFO 3004 --- [td4biblio] [main] org.atmosphere.cpr.AtmosphereFramework   : 	org.atmosphere.interceptor.JavaScriptProtocol : Atmosphere JavaScript Protocol
2026-06-08T16:50:35.476+02:00  INFO 3004 --- [td4biblio] [main] org.atmosphere.cpr.AtmosphereFramework   : 	org.atmosphere.interceptor.WebSocketMessageSuspendInterceptor : org.atmosphere.interceptor.WebSocketMessageSuspendInterceptor
2026-06-08T16:50:35.476+02:00  INFO 3004 --- [td4biblio] [main] org.atmosphere.cpr.AtmosphereFramework   : 	org.atmosphere.interceptor.OnDisconnectInterceptor : Browser disconnection detection
2026-06-08T16:50:35.477+02:00  INFO 3004 --- [td4biblio] [main] org.atmosphere.cpr.AtmosphereFramework   : 	org.atmosphere.interceptor.IdleResourceInterceptor : org.atmosphere.interceptor.IdleResourceInterceptor
2026-06-08T16:50:35.477+02:00  INFO 3004 --- [td4biblio] [main] org.atmosphere.cpr.AtmosphereFramework   : Set org.atmosphere.cpr.AtmosphereInterceptor.disableDefaults to disable them.
2026-06-08T16:50:35.477+02:00  INFO 3004 --- [td4biblio] [main] org.atmosphere.cpr.AtmosphereFramework   : Installed AtmosphereInterceptor CORS Interceptor Support with priority FIRST_BEFORE_DEFAULT 
2026-06-08T16:50:35.478+02:00  INFO 3004 --- [td4biblio] [main] org.atmosphere.cpr.AtmosphereFramework   : Installed AtmosphereInterceptor Default Response's Headers Interceptor with priority AFTER_DEFAULT 
2026-06-08T16:50:35.478+02:00  INFO 3004 --- [td4biblio] [main] org.atmosphere.cpr.AtmosphereFramework   : Installed AtmosphereInterceptor Browser Padding Interceptor Support with priority AFTER_DEFAULT 
2026-06-08T16:50:35.478+02:00  INFO 3004 --- [td4biblio] [main] org.atmosphere.cpr.AtmosphereFramework   : Installed AtmosphereInterceptor Android Interceptor Support with priority AFTER_DEFAULT 
2026-06-08T16:50:35.478+02:00  INFO 3004 --- [td4biblio] [main] o.a.interceptor.HeartbeatInterceptor     : HeartbeatInterceptor configured with padding value 'X', client frequency 0 seconds and server frequency 60 seconds
2026-06-08T16:50:35.478+02:00  INFO 3004 --- [td4biblio] [main] org.atmosphere.cpr.AtmosphereFramework   : Installed AtmosphereInterceptor Heartbeat Interceptor Support with priority AFTER_DEFAULT 
2026-06-08T16:50:35.478+02:00  INFO 3004 --- [td4biblio] [main] org.atmosphere.cpr.AtmosphereFramework   : Installed AtmosphereInterceptor SSE Interceptor Support with priority AFTER_DEFAULT 
2026-06-08T16:50:35.478+02:00  INFO 3004 --- [td4biblio] [main] org.atmosphere.cpr.AtmosphereFramework   : Installed AtmosphereInterceptor JSONP Interceptor Support with priority AFTER_DEFAULT 
2026-06-08T16:50:35.479+02:00  INFO 3004 --- [td4biblio] [main] org.atmosphere.cpr.AtmosphereFramework   : Installed AtmosphereInterceptor Atmosphere JavaScript Protocol with priority AFTER_DEFAULT 
2026-06-08T16:50:35.479+02:00  INFO 3004 --- [td4biblio] [main] org.atmosphere.cpr.AtmosphereFramework   : Installed AtmosphereInterceptor org.atmosphere.interceptor.WebSocketMessageSuspendInterceptor with priority AFTER_DEFAULT 
2026-06-08T16:50:35.479+02:00  INFO 3004 --- [td4biblio] [main] org.atmosphere.cpr.AtmosphereFramework   : Installed AtmosphereInterceptor Browser disconnection detection with priority AFTER_DEFAULT 
2026-06-08T16:50:35.479+02:00  INFO 3004 --- [td4biblio] [main] org.atmosphere.cpr.AtmosphereFramework   : Installed AtmosphereInterceptor org.atmosphere.interceptor.IdleResourceInterceptor with priority BEFORE_DEFAULT 
2026-06-08T16:50:35.480+02:00  INFO 3004 --- [td4biblio] [main] org.atmosphere.cpr.AtmosphereFramework   : Using EndpointMapper class org.atmosphere.util.DefaultEndpointMapper
2026-06-08T16:50:35.481+02:00  INFO 3004 --- [td4biblio] [main] org.atmosphere.cpr.AtmosphereFramework   : Using BroadcasterCache: org.atmosphere.cache.UUIDBroadcasterCache
2026-06-08T16:50:35.481+02:00  INFO 3004 --- [td4biblio] [main] org.atmosphere.cpr.AtmosphereFramework   : Default Broadcaster Class: org.atmosphere.cpr.DefaultBroadcaster
2026-06-08T16:50:35.481+02:00  INFO 3004 --- [td4biblio] [main] org.atmosphere.cpr.AtmosphereFramework   : Broadcaster Shared List Resources: false
2026-06-08T16:50:35.481+02:00  INFO 3004 --- [td4biblio] [main] org.atmosphere.cpr.AtmosphereFramework   : Broadcaster Polling Wait Time 100
2026-06-08T16:50:35.481+02:00  INFO 3004 --- [td4biblio] [main] org.atmosphere.cpr.AtmosphereFramework   : Shared ExecutorService supported: true
2026-06-08T16:50:35.481+02:00  INFO 3004 --- [td4biblio] [main] org.atmosphere.cpr.AtmosphereFramework   : Messaging ExecutorService Pool Size unavailable - Not instance of ThreadPoolExecutor
2026-06-08T16:50:35.482+02:00  INFO 3004 --- [td4biblio] [main] org.atmosphere.cpr.AtmosphereFramework   : Async I/O Thread Pool Size: 200
2026-06-08T16:50:35.482+02:00  INFO 3004 --- [td4biblio] [main] org.atmosphere.cpr.AtmosphereFramework   : Using BroadcasterFactory: org.atmosphere.cpr.DefaultBroadcasterFactory
2026-06-08T16:50:35.482+02:00  INFO 3004 --- [td4biblio] [main] org.atmosphere.cpr.AtmosphereFramework   : Using AtmosphereResurceFactory: org.atmosphere.cpr.DefaultAtmosphereResourceFactory
2026-06-08T16:50:35.482+02:00  INFO 3004 --- [td4biblio] [main] org.atmosphere.cpr.AtmosphereFramework   : Using WebSocketProcessor: org.atmosphere.websocket.DefaultWebSocketProcessor
2026-06-08T16:50:35.485+02:00  INFO 3004 --- [td4biblio] [main] org.atmosphere.cpr.AtmosphereFramework   : Invoke AtmosphereInterceptor on WebSocket message true
2026-06-08T16:50:35.486+02:00  INFO 3004 --- [td4biblio] [main] org.atmosphere.cpr.AtmosphereFramework   : HttpSession supported: true
2026-06-08T16:50:35.486+02:00  INFO 3004 --- [td4biblio] [main] org.atmosphere.cpr.AtmosphereFramework   : Atmosphere is using org.atmosphere.inject.InjectableObjectFactory for dependency injection and object creation
2026-06-08T16:50:35.486+02:00  INFO 3004 --- [td4biblio] [main] org.atmosphere.cpr.AtmosphereFramework   : Atmosphere is using async support: org.atmosphere.container.JSR356AsyncSupport running under container: Apache Tomcat/10.1.41 using jakarta.servlet/3.0 and jsr356/WebSocket API
2026-06-08T16:50:35.486+02:00  INFO 3004 --- [td4biblio] [main] org.atmosphere.cpr.AtmosphereFramework   : Atmosphere Framework 3.0.5.slf4jvaadin1 started.
2026-06-08T16:50:35.489+02:00  INFO 3004 --- [td4biblio] [main] org.atmosphere.cpr.AtmosphereFramework   : Installed AtmosphereInterceptor  Track Message Size Interceptor using | with priority BEFORE_DEFAULT 
2026-06-08T16:50:35.583+02:00  INFO 3004 --- [td4biblio] [main] org.atmosphere.cpr.AtmosphereFramework   : Atmosphere is using org.atmosphere.cpr.DefaultAnnotationProcessor for processing annotation
2026-06-08T16:50:35.585+02:00  INFO 3004 --- [td4biblio] [main] o.a.cpr.DefaultAnnotationProcessor       : AnnotationProcessor class org.atmosphere.cpr.DefaultAnnotationProcessor$BytecodeBasedAnnotationProcessor being used
2026-06-08T16:50:37.672+02:00  INFO 3004 --- [td4biblio] [RMI TCP Connection(2)-127.0.0.1] o.a.c.c.C.[Tomcat].[localhost].[/]       : Initializing Spring DispatcherServlet 'dispatcherServlet'
2026-06-08T16:50:37.673+02:00  INFO 3004 --- [td4biblio] [RMI TCP Connection(2)-127.0.0.1] o.s.web.servlet.DispatcherServlet        : Initializing Servlet 'dispatcherServlet'
2026-06-08T16:50:37.675+02:00  INFO 3004 --- [td4biblio] [RMI TCP Connection(2)-127.0.0.1] o.s.web.servlet.DispatcherServlet        : Completed initialization in 2 ms
2026-06-08T16:50:37.867+02:00  INFO 3004 --- [td4biblio] [main] org.atmosphere.cpr.AtmosphereFramework   : Auto detecting WebSocketHandler in /WEB-INF/classes/
2026-06-08T16:50:37.869+02:00  INFO 3004 --- [td4biblio] [main] org.atmosphere.cpr.AtmosphereFramework   : Installed WebSocketProtocol org.atmosphere.websocket.protocol.SimpleHttpProtocol 
2026-06-08T16:50:37.869+02:00  INFO 3004 --- [td4biblio] [main] o.a.container.JSR356AsyncSupport         : JSR 356 Mapping path /HILLA/push
2026-06-08T16:50:37.871+02:00  INFO 3004 --- [td4biblio] [main] org.atmosphere.cpr.AtmosphereFramework   : Installing Default AtmosphereInterceptors
2026-06-08T16:50:37.872+02:00  INFO 3004 --- [td4biblio] [main] org.atmosphere.cpr.AtmosphereFramework   : 	org.atmosphere.interceptor.CorsInterceptor : CORS Interceptor Support
2026-06-08T16:50:37.872+02:00  INFO 3004 --- [td4biblio] [main] org.atmosphere.cpr.AtmosphereFramework   : 	org.atmosphere.interceptor.CacheHeadersInterceptor : Default Response's Headers Interceptor
2026-06-08T16:50:37.872+02:00  INFO 3004 --- [td4biblio] [main] org.atmosphere.cpr.AtmosphereFramework   : 	org.atmosphere.interceptor.PaddingAtmosphereInterceptor : Browser Padding Interceptor Support
2026-06-08T16:50:37.873+02:00  INFO 3004 --- [td4biblio] [main] org.atmosphere.cpr.AtmosphereFramework   : 	org.atmosphere.interceptor.AndroidAtmosphereInterceptor : Android Interceptor Support
2026-06-08T16:50:37.873+02:00  INFO 3004 --- [td4biblio] [main] org.atmosphere.cpr.AtmosphereFramework   : 	org.atmosphere.interceptor.HeartbeatInterceptor : Heartbeat Interceptor Support
2026-06-08T16:50:37.873+02:00  INFO 3004 --- [td4biblio] [main] org.atmosphere.cpr.AtmosphereFramework   : 	org.atmosphere.interceptor.SSEAtmosphereInterceptor : SSE Interceptor Support
2026-06-08T16:50:37.873+02:00  INFO 3004 --- [td4biblio] [main] org.atmosphere.cpr.AtmosphereFramework   : 	org.atmosphere.interceptor.JSONPAtmosphereInterceptor : JSONP Interceptor Support
2026-06-08T16:50:37.874+02:00  INFO 3004 --- [td4biblio] [main] org.atmosphere.cpr.AtmosphereFramework   : 	org.atmosphere.interceptor.JavaScriptProtocol : Atmosphere JavaScript Protocol
2026-06-08T16:50:37.874+02:00  INFO 3004 --- [td4biblio] [main] org.atmosphere.cpr.AtmosphereFramework   : 	org.atmosphere.interceptor.WebSocketMessageSuspendInterceptor : org.atmosphere.interceptor.WebSocketMessageSuspendInterceptor
2026-06-08T16:50:37.874+02:00  INFO 3004 --- [td4biblio] [main] org.atmosphere.cpr.AtmosphereFramework   : 	org.atmosphere.interceptor.OnDisconnectInterceptor : Browser disconnection detection
2026-06-08T16:50:37.875+02:00  INFO 3004 --- [td4biblio] [main] org.atmosphere.cpr.AtmosphereFramework   : 	org.atmosphere.interceptor.IdleResourceInterceptor : org.atmosphere.interceptor.IdleResourceInterceptor
2026-06-08T16:50:37.875+02:00  INFO 3004 --- [td4biblio] [main] org.atmosphere.cpr.AtmosphereFramework   : Set org.atmosphere.cpr.AtmosphereInterceptor.disableDefaults to disable them.
2026-06-08T16:50:37.875+02:00  INFO 3004 --- [td4biblio] [main] org.atmosphere.cpr.AtmosphereFramework   : Installed AtmosphereInterceptor CORS Interceptor Support with priority FIRST_BEFORE_DEFAULT 
2026-06-08T16:50:37.875+02:00  INFO 3004 --- [td4biblio] [main] org.atmosphere.cpr.AtmosphereFramework   : Installed AtmosphereInterceptor Default Response's Headers Interceptor with priority AFTER_DEFAULT 
2026-06-08T16:50:37.875+02:00  INFO 3004 --- [td4biblio] [main] org.atmosphere.cpr.AtmosphereFramework   : Installed AtmosphereInterceptor Browser Padding Interceptor Support with priority AFTER_DEFAULT 
2026-06-08T16:50:37.875+02:00  INFO 3004 --- [td4biblio] [main] org.atmosphere.cpr.AtmosphereFramework   : Installed AtmosphereInterceptor Android Interceptor Support with priority AFTER_DEFAULT 
2026-06-08T16:50:37.875+02:00  INFO 3004 --- [td4biblio] [main] o.a.interceptor.HeartbeatInterceptor     : HeartbeatInterceptor configured with padding value 'X', client frequency 0 seconds and server frequency 60 seconds
2026-06-08T16:50:37.876+02:00  INFO 3004 --- [td4biblio] [main] org.atmosphere.cpr.AtmosphereFramework   : Installed AtmosphereInterceptor Heartbeat Interceptor Support with priority AFTER_DEFAULT 
2026-06-08T16:50:37.876+02:00  INFO 3004 --- [td4biblio] [main] org.atmosphere.cpr.AtmosphereFramework   : Installed AtmosphereInterceptor SSE Interceptor Support with priority AFTER_DEFAULT 
2026-06-08T16:50:37.876+02:00  INFO 3004 --- [td4biblio] [main] org.atmosphere.cpr.AtmosphereFramework   : Installed AtmosphereInterceptor JSONP Interceptor Support with priority AFTER_DEFAULT 
2026-06-08T16:50:37.876+02:00  INFO 3004 --- [td4biblio] [main] org.atmosphere.cpr.AtmosphereFramework   : Installed AtmosphereInterceptor Atmosphere JavaScript Protocol with priority AFTER_DEFAULT 
2026-06-08T16:50:37.876+02:00  INFO 3004 --- [td4biblio] [main] org.atmosphere.cpr.AtmosphereFramework   : Installed AtmosphereInterceptor org.atmosphere.interceptor.WebSocketMessageSuspendInterceptor with priority AFTER_DEFAULT 
2026-06-08T16:50:37.877+02:00  INFO 3004 --- [td4biblio] [main] org.atmosphere.cpr.AtmosphereFramework   : Installed AtmosphereInterceptor Browser disconnection detection with priority AFTER_DEFAULT 
2026-06-08T16:50:37.877+02:00  INFO 3004 --- [td4biblio] [main] org.atmosphere.cpr.AtmosphereFramework   : Installed AtmosphereInterceptor org.atmosphere.interceptor.IdleResourceInterceptor with priority BEFORE_DEFAULT 
2026-06-08T16:50:37.878+02:00  INFO 3004 --- [td4biblio] [main] org.atmosphere.cpr.AtmosphereFramework   : Using EndpointMapper class org.atmosphere.util.DefaultEndpointMapper
2026-06-08T16:50:37.878+02:00  WARN 3004 --- [td4biblio] [main] org.atmosphere.cpr.AtmosphereFramework   : No BroadcasterCache configured. Broadcasted message between client reconnection will be LOST. It is recommended to configure the org.atmosphere.cache.UUIDBroadcasterCache
2026-06-08T16:50:37.878+02:00  INFO 3004 --- [td4biblio] [main] org.atmosphere.cpr.AtmosphereFramework   : Default Broadcaster Class: org.atmosphere.util.SimpleBroadcaster
2026-06-08T16:50:37.878+02:00  INFO 3004 --- [td4biblio] [main] org.atmosphere.cpr.AtmosphereFramework   : Broadcaster Shared List Resources: false
2026-06-08T16:50:37.879+02:00  INFO 3004 --- [td4biblio] [main] org.atmosphere.cpr.AtmosphereFramework   : Broadcaster Polling Wait Time 100
2026-06-08T16:50:37.879+02:00  INFO 3004 --- [td4biblio] [main] org.atmosphere.cpr.AtmosphereFramework   : Shared ExecutorService supported: true
2026-06-08T16:50:37.879+02:00  INFO 3004 --- [td4biblio] [main] org.atmosphere.util.ForkJoinPool         : Using ForkJoinPool  java.util.concurrent.ForkJoinPool. Set the org.atmosphere.cpr.broadcaster.maxAsyncWriteThreads to -1 to fully use its power.
2026-06-08T16:50:37.879+02:00  INFO 3004 --- [td4biblio] [main] org.atmosphere.cpr.AtmosphereFramework   : Messaging ExecutorService Pool Size unavailable - Not instance of ThreadPoolExecutor
2026-06-08T16:50:37.879+02:00  INFO 3004 --- [td4biblio] [main] org.atmosphere.cpr.AtmosphereFramework   : Async I/O Thread Pool Size: 200
2026-06-08T16:50:37.880+02:00  INFO 3004 --- [td4biblio] [main] org.atmosphere.cpr.AtmosphereFramework   : Using BroadcasterFactory: org.atmosphere.cpr.DefaultBroadcasterFactory
2026-06-08T16:50:37.880+02:00  INFO 3004 --- [td4biblio] [main] org.atmosphere.cpr.AtmosphereFramework   : Using AtmosphereResurceFactory: org.atmosphere.cpr.DefaultAtmosphereResourceFactory
2026-06-08T16:50:37.880+02:00  INFO 3004 --- [td4biblio] [main] org.atmosphere.cpr.AtmosphereFramework   : Using WebSocketProcessor: org.atmosphere.websocket.DefaultWebSocketProcessor
2026-06-08T16:50:37.880+02:00  INFO 3004 --- [td4biblio] [main] org.atmosphere.cpr.AtmosphereFramework   : Invoke AtmosphereInterceptor on WebSocket message true
2026-06-08T16:50:37.880+02:00  INFO 3004 --- [td4biblio] [main] org.atmosphere.cpr.AtmosphereFramework   : HttpSession supported: false
2026-06-08T16:50:37.881+02:00  INFO 3004 --- [td4biblio] [main] org.atmosphere.cpr.AtmosphereFramework   : Atmosphere is using org.atmosphere.inject.InjectableObjectFactory for dependency injection and object creation
2026-06-08T16:50:37.881+02:00  INFO 3004 --- [td4biblio] [main] org.atmosphere.cpr.AtmosphereFramework   : Atmosphere is using async support: org.atmosphere.container.JSR356AsyncSupport running under container: Apache Tomcat/10.1.41 using jakarta.servlet/3.0 and jsr356/WebSocket API
2026-06-08T16:50:37.881+02:00  INFO 3004 --- [td4biblio] [main] org.atmosphere.cpr.AtmosphereFramework   : Atmosphere Framework 3.0.5.slf4jvaadin1 started.
2026-06-08T16:50:37.896+02:00  INFO 3004 --- [td4biblio] [main] c.v.f.s.DefaultDeploymentConfiguration   : 
Vaadin is running in DEVELOPMENT mode - do not use for production deployments.
2026-06-08T16:50:37.930+02:00  INFO 3004 --- [td4biblio] [main] c.vaadin.flow.spring.SpringInstantiator  : The number of beans implementing 'I18NProvider' is 0. Cannot use Spring beans for I18N, falling back to the default behavior
2026-06-08T16:50:38.095+02:00  INFO 3004 --- [td4biblio] [main] o.s.b.w.embedded.tomcat.TomcatWebServer  : Tomcat started on port 8080 (http) with context path '/'
2026-06-08T16:50:38.099+02:00  INFO 3004 --- [td4biblio] [main] c.u.but3.td4biblio.Td2biblioApplication  : Started Td2biblioApplication in 12.951 seconds (process running for 13.569)
2026-06-08T16:50:38.112+02:00  INFO 3004 --- [td4biblio] [main] c.v.b.d.DevModeHandlerManagerImpl        : Application running at http://localhost:8080/
2026-06-08T21:37:33.268+02:00  WARN 3004 --- [td4biblio] [HikariPool-1:housekeeper] com.zaxxer.hikari.pool.HikariPool        : HikariPool-1 - Thread starvation or clock leap detected (housekeeper delta=1h5m25s485ms575µs600ns).
